2026-04-13 09:37:17,949 INFO Device: cuda
2026-04-13 09:37:17,949 INFO [*] Run ID 0: seed=0, split_index=0
2026-04-13 09:37:17,949 INFO     Starting now: 2026-04-13 09:37:17.949528
2026-04-13 09:37:17,968 INFO KGCDataset loaded: 2746 entities, 18 relations (reciprocal=True), 10820 train / 630 val / 0 test triples
2026-04-13 09:37:18,101 INFO InductiveKGCDataset [WN18RR-ind-v1] loaded: train graph 2746 ents / 5410 edges, test graph 922 ents / 1618 edges, 9 relations (reciprocal=True), 5410 train / 630 val / 188 test queries
2026-04-13 09:37:18,101 INFO Skipping subgraph cache (inductive full-graph mode).
2026-04-13 09:37:18,101 INFO [*] Loaded inductive KGC dataset 'WN18RR-ind-v1': 2746 train entities, 18 relations, 18 edge types (reciprocal=True), 10820 train / 630 val / 188 test queries
2026-04-13 09:37:18,102 INFO dim_in=1, dim_out=1
2026-04-13 09:37:18,262 INFO MultiModel(
  (encoder): FeatureEncoder(
    (node_encoder): KGCNodeEncoder(
      (rel_emb): Embedding(18, 64)
    )
    (edge_encoder): RelationEmbeddingEncoder(
      (emb): Embedding(18, 64)
    )
    (exp_edge_fixer): ExpanderEdgeFixer(
      (exp_edge_attr): Embedding(1, 64)
    )
  )
  (layers): Sequential(
    (0): MultiLayer(
      dim_h=64, model_types=['Exphormer']
      (models): ModuleList(
        (0): GlobalModel(
          (self_attn): ExphormerAttention(
            (msg_rel_emb): Embedding(19, 64)
            (Q): Linear(in_features=64, out_features=64, bias=False)
            (K): Linear(in_features=64, out_features=64, bias=False)
            (E): Linear(in_features=64, out_features=64, bias=False)
            (V): Linear(in_features=64, out_features=64, bias=False)
            (shared_rel_emb_table): Embedding(18, 64)
            (proj_q): Linear(in_features=64, out_features=64, bias=False)
            (proj_k): Linear(in_features=64, out_features=64, bias=False)
            (proj_e): Linear(in_features=64, out_features=64, bias=False)
          )
          (norm1_attn): LayerNorm((64,), eps=1e-05, elementwise_affine=True)
          (dropout_attn): Dropout(p=0.1, inplace=False)
        )
      )
      (ff_linear1): Linear(in_features=64, out_features=128, bias=True)
      (ff_linear2): Linear(in_features=128, out_features=64, bias=True)
      (norm2): LayerNorm((64,), eps=1e-05, elementwise_affine=True)
      (ff_dropout1): Dropout(p=0.1, inplace=False)
      (ff_dropout2): Dropout(p=0.1, inplace=False)
    )
    (1): MultiLayer(
      dim_h=64, model_types=['Exphormer']
      (models): ModuleList(
        (0): GlobalModel(
          (self_attn): ExphormerAttention(
            (msg_rel_emb): Embedding(19, 64)
            (Q): Linear(in_features=64, out_features=64, bias=False)
            (K): Linear(in_features=64, out_features=64, bias=False)
            (E): Linear(in_features=64, out_features=64, bias=False)
            (V): Linear(in_features=64, out_features=64, bias=False)
            (shared_rel_emb_table): Embedding(18, 64)
            (proj_q): Linear(in_features=64, out_features=64, bias=False)
            (proj_k): Linear(in_features=64, out_features=64, bias=False)
            (proj_e): Linear(in_features=64, out_features=64, bias=False)
          )
          (norm1_attn): LayerNorm((64,), eps=1e-05, elementwise_affine=True)
          (dropout_attn): Dropout(p=0.1, inplace=False)
        )
      )
      (ff_linear1): Linear(in_features=64, out_features=128, bias=True)
      (ff_linear2): Linear(in_features=128, out_features=64, bias=True)
      (norm2): LayerNorm((64,), eps=1e-05, elementwise_affine=True)
      (ff_dropout1): Dropout(p=0.1, inplace=False)
      (ff_dropout2): Dropout(p=0.1, inplace=False)
    )
    (2): MultiLayer(
      dim_h=64, model_types=['Exphormer']
      (models): ModuleList(
        (0): GlobalModel(
          (self_attn): ExphormerAttention(
            (msg_rel_emb): Embedding(19, 64)
            (Q): Linear(in_features=64, out_features=64, bias=False)
            (K): Linear(in_features=64, out_features=64, bias=False)
            (E): Linear(in_features=64, out_features=64, bias=False)
            (V): Linear(in_features=64, out_features=64, bias=False)
            (shared_rel_emb_table): Embedding(18, 64)
            (proj_q): Linear(in_features=64, out_features=64, bias=False)
            (proj_k): Linear(in_features=64, out_features=64, bias=False)
            (proj_e): Linear(in_features=64, out_features=64, bias=False)
          )
          (norm1_attn): LayerNorm((64,), eps=1e-05, elementwise_affine=True)
          (dropout_attn): Dropout(p=0.1, inplace=False)
        )
      )
      (ff_linear1): Linear(in_features=64, out_features=128, bias=True)
      (ff_linear2): Linear(in_features=128, out_features=64, bias=True)
      (norm2): LayerNorm((64,), eps=1e-05, elementwise_affine=True)
      (ff_dropout1): Dropout(p=0.1, inplace=False)
      (ff_dropout2): Dropout(p=0.1, inplace=False)
    )
  )
  (post_mp): KGCHead(
    (rel_emb): Embedding(18, 64)
    (scorer): Linear(in_features=128, out_features=1, bias=True)
    (drop): Dropout(p=0.1, inplace=False)
  )
)
2026-04-13 09:37:18,263 INFO Num parameters: 147,265
2026-04-13 09:37:18,263 INFO Starting from epoch 0
2026-04-13 09:37:37,770 INFO train: {'epoch': 0, 'time_epoch': 19.42634, 'loss': 7.97832098, 'lr': 0.0, 'params': 147265, 'time_iter': 0.01436, 'subgraph_hits@1': 0.00046194}
2026-04-13 09:37:37,780 INFO eval_epoch_kgc [val]: 1260 queries on full graph (2746 nodes, eval_batch_size=32)
2026-04-13 09:37:37,950 INFO   eval_kgc [val]: 512/1260
2026-04-13 09:37:38,119 INFO   eval_kgc [val]: 1024/1260
2026-04-13 09:37:38,197 INFO   eval_kgc [val]: 1260/1260
2026-04-13 09:37:38,198 INFO val: {'epoch': 0, 'time_epoch': 0.41573, 'loss': 0.0, 'lr': 0.0, 'params': 147265, 'time_iter': 0.01039, 'mrr': 0.10151505, 'hits@1': 0.02301587, 'hits@3': 0.18015873, 'hits@10': 0.1968254}
2026-04-13 09:37:38,202 INFO eval_epoch_kgc [test]: 376 queries on full graph (922 nodes, eval_batch_size=32)
2026-04-13 09:37:38,269 INFO   eval_kgc [test]: 376/376
2026-04-13 09:37:38,269 INFO test: {'epoch': 0, 'time_epoch': 0.06639, 'loss': 0.0, 'lr': 0.0, 'params': 147265, 'time_iter': 0.00553, 'mrr': 0.20820507, 'hits@1': 0.10904256, 'hits@3': 0.28723404, 'hits@10': 0.36968085}
2026-04-13 09:37:38,280 INFO > Epoch 0: took 20.0s (avg 20.0s) | Best so far: epoch 0	train_loss: 7.9783 	val_loss: 0.0000 val_mrr: 0.1015	test_loss: 0.0000 test_mrr: 0.2082
2026-04-13 09:37:57,337 INFO train: {'epoch': 1, 'time_epoch': 18.98386, 'loss': 7.95788284, 'lr': 2e-06, 'params': 147265, 'time_iter': 0.01403, 'subgraph_hits@1': 0.00083149}
2026-04-13 09:37:57,348 INFO eval_epoch_kgc [val]: 1260 queries on full graph (2746 nodes, eval_batch_size=32)
2026-04-13 09:37:57,515 INFO   eval_kgc [val]: 512/1260
2026-04-13 09:37:57,685 INFO   eval_kgc [val]: 1024/1260
2026-04-13 09:37:57,762 INFO   eval_kgc [val]: 1260/1260
2026-04-13 09:37:57,763 INFO val: {'epoch': 1, 'time_epoch': 0.41371, 'loss': 0.0, 'lr': 0.0, 'params': 147265, 'time_iter': 0.01034, 'mrr': 0.10325158, 'hits@1': 0.01428571, 'hits@3': 0.12222222, 'hits@10': 0.30555555}
2026-04-13 09:37:57,767 INFO eval_epoch_kgc [test]: 376 queries on full graph (922 nodes, eval_batch_size=32)
2026-04-13 09:37:57,834 INFO   eval_kgc [test]: 376/376
2026-04-13 09:37:57,834 INFO test: {'epoch': 1, 'time_epoch': 0.06588, 'loss': 0.0, 'lr': 0.0, 'params': 147265, 'time_iter': 0.00549, 'mrr': 0.39216909, 'hits@1': 0.23138298, 'hits@3': 0.56382978, 'hits@10': 0.60904253}
2026-04-13 09:37:57,845 INFO > Epoch 1: took 19.6s (avg 19.8s) | Best so far: epoch 1	train_loss: 7.9579 	val_loss: 0.0000 val_mrr: 0.1033	test_loss: 0.0000 test_mrr: 0.3922
2026-04-13 09:38:16,871 INFO train: {'epoch': 2, 'time_epoch': 18.96838, 'loss': 7.91717348, 'lr': 4e-06, 'params': 147265, 'time_iter': 0.01402, 'subgraph_hits@1': 0.00101626}
2026-04-13 09:38:16,882 INFO eval_epoch_kgc [val]: 1260 queries on full graph (2746 nodes, eval_batch_size=32)
2026-04-13 09:38:17,050 INFO   eval_kgc [val]: 512/1260
2026-04-13 09:38:17,219 INFO   eval_kgc [val]: 1024/1260
2026-04-13 09:38:17,297 INFO   eval_kgc [val]: 1260/1260
2026-04-13 09:38:17,297 INFO val: {'epoch': 2, 'time_epoch': 0.4134, 'loss': 0.0, 'lr': 0.0, 'params': 147265, 'time_iter': 0.01034, 'mrr': 0.06950756, 'hits@1': 0.01269841, 'hits@3': 0.04365079, 'hits@10': 0.1920635}
2026-04-13 09:38:17,302 INFO eval_epoch_kgc [test]: 376 queries on full graph (922 nodes, eval_batch_size=32)
2026-04-13 09:38:17,367 INFO   eval_kgc [test]: 376/376
2026-04-13 09:38:17,368 INFO test: {'epoch': 2, 'time_epoch': 0.06539, 'loss': 0.0, 'lr': 0.0, 'params': 147265, 'time_iter': 0.00545, 'mrr': 0.42029047, 'hits@1': 0.25797874, 'hits@3': 0.60372341, 'hits@10': 0.6356383}
2026-04-13 09:38:17,368 INFO > Epoch 2: took 19.5s (avg 19.7s) | Best so far: epoch 1	train_loss: 7.9579 	val_loss: 0.0000 val_mrr: 0.1033	test_loss: 0.0000 test_mrr: 0.3922
2026-04-13 09:38:36,389 INFO train: {'epoch': 3, 'time_epoch': 18.96307, 'loss': 7.8832763, 'lr': 6e-06, 'params': 147265, 'time_iter': 0.01402, 'subgraph_hits@1': 0.00203252}
2026-04-13 09:38:36,399 INFO eval_epoch_kgc [val]: 1260 queries on full graph (2746 nodes, eval_batch_size=32)
2026-04-13 09:38:36,567 INFO   eval_kgc [val]: 512/1260
2026-04-13 09:38:36,735 INFO   eval_kgc [val]: 1024/1260
2026-04-13 09:38:36,813 INFO   eval_kgc [val]: 1260/1260
2026-04-13 09:38:36,814 INFO val: {'epoch': 3, 'time_epoch': 0.4127, 'loss': 0.0, 'lr': 0.0, 'params': 147265, 'time_iter': 0.01032, 'mrr': 0.08913093, 'hits@1': 0.01825397, 'hits@3': 0.06269842, 'hits@10': 0.27777779}
2026-04-13 09:38:36,818 INFO eval_epoch_kgc [test]: 376 queries on full graph (922 nodes, eval_batch_size=32)
2026-04-13 09:38:36,883 INFO   eval_kgc [test]: 376/376
2026-04-13 09:38:36,884 INFO test: {'epoch': 3, 'time_epoch': 0.06511, 'loss': 0.0, 'lr': 0.0, 'params': 147265, 'time_iter': 0.00543, 'mrr': 0.4277806, 'hits@1': 0.26595744, 'hits@3': 0.60904253, 'hits@10': 0.64627659}
2026-04-13 09:38:36,884 INFO > Epoch 3: took 19.5s (avg 19.6s) | Best so far: epoch 1	train_loss: 7.9579 	val_loss: 0.0000 val_mrr: 0.1033	test_loss: 0.0000 test_mrr: 0.3922
2026-04-13 09:38:55,919 INFO train: {'epoch': 4, 'time_epoch': 18.97712, 'loss': 7.8570572, 'lr': 8e-06, 'params': 147265, 'time_iter': 0.01403, 'subgraph_hits@1': 0.00277162}
2026-04-13 09:38:55,929 INFO eval_epoch_kgc [val]: 1260 queries on full graph (2746 nodes, eval_batch_size=32)
2026-04-13 09:38:56,097 INFO   eval_kgc [val]: 512/1260
2026-04-13 09:38:56,266 INFO   eval_kgc [val]: 1024/1260
2026-04-13 09:38:56,344 INFO   eval_kgc [val]: 1260/1260
2026-04-13 09:38:56,344 INFO val: {'epoch': 4, 'time_epoch': 0.41318, 'loss': 0.0, 'lr': 0.0, 'params': 147265, 'time_iter': 0.01033, 'mrr': 0.18338598, 'hits@1': 0.06428572, 'hits@3': 0.21666667, 'hits@10': 0.4674603}
2026-04-13 09:38:56,348 INFO eval_epoch_kgc [test]: 376 queries on full graph (922 nodes, eval_batch_size=32)
2026-04-13 09:38:56,414 INFO   eval_kgc [test]: 376/376
2026-04-13 09:38:56,414 INFO test: {'epoch': 4, 'time_epoch': 0.06509, 'loss': 0.0, 'lr': 0.0, 'params': 147265, 'time_iter': 0.00542, 'mrr': 0.42530134, 'hits@1': 0.25797874, 'hits@3': 0.60638297, 'hits@10': 0.64627659}
2026-04-13 09:38:56,425 INFO > Epoch 4: took 19.5s (avg 19.6s) | Best so far: epoch 4	train_loss: 7.8571 	val_loss: 0.0000 val_mrr: 0.1834	test_loss: 0.0000 test_mrr: 0.4253
2026-04-13 09:39:15,464 INFO train: {'epoch': 5, 'time_epoch': 18.98125, 'loss': 7.82823736, 'lr': 1e-05, 'params': 147265, 'time_iter': 0.01403, 'subgraph_hits@1': 0.0036031}
2026-04-13 09:39:15,474 INFO eval_epoch_kgc [val]: 1260 queries on full graph (2746 nodes, eval_batch_size=32)
2026-04-13 09:39:15,642 INFO   eval_kgc [val]: 512/1260
2026-04-13 09:39:15,811 INFO   eval_kgc [val]: 1024/1260
2026-04-13 09:39:15,889 INFO   eval_kgc [val]: 1260/1260
2026-04-13 09:39:15,889 INFO val: {'epoch': 5, 'time_epoch': 0.41342, 'loss': 0.0, 'lr': 0.0, 'params': 147265, 'time_iter': 0.01034, 'mrr': 0.28999019, 'hits@1': 0.16031747, 'hits@3': 0.3920635, 'hits@10': 0.5031746}
2026-04-13 09:39:15,893 INFO eval_epoch_kgc [test]: 376 queries on full graph (922 nodes, eval_batch_size=32)
2026-04-13 09:39:15,959 INFO   eval_kgc [test]: 376/376
2026-04-13 09:39:15,959 INFO test: {'epoch': 5, 'time_epoch': 0.06509, 'loss': 0.0, 'lr': 0.0, 'params': 147265, 'time_iter': 0.00542, 'mrr': 0.43689123, 'hits@1': 0.27393618, 'hits@3': 0.61170214, 'hits@10': 0.64627659}
2026-04-13 09:39:15,970 INFO > Epoch 5: took 19.5s (avg 19.6s) | Best so far: epoch 5	train_loss: 7.8282 	val_loss: 0.0000 val_mrr: 0.2900	test_loss: 0.0000 test_mrr: 0.4369
2026-04-13 09:39:35,001 INFO train: {'epoch': 6, 'time_epoch': 18.97403, 'loss': 7.78385081, 'lr': 9.99e-06, 'params': 147265, 'time_iter': 0.01402, 'subgraph_hits@1': 0.00443459}
2026-04-13 09:39:35,012 INFO eval_epoch_kgc [val]: 1260 queries on full graph (2746 nodes, eval_batch_size=32)
2026-04-13 09:39:35,179 INFO   eval_kgc [val]: 512/1260
2026-04-13 09:39:35,348 INFO   eval_kgc [val]: 1024/1260
2026-04-13 09:39:35,426 INFO   eval_kgc [val]: 1260/1260
2026-04-13 09:39:35,427 INFO val: {'epoch': 6, 'time_epoch': 0.41317, 'loss': 0.0, 'lr': 0.0, 'params': 147265, 'time_iter': 0.01033, 'mrr': 0.41240039, 'hits@1': 0.33412698, 'hits@3': 0.48809522, 'hits@10': 0.51190478}
2026-04-13 09:39:35,431 INFO eval_epoch_kgc [test]: 376 queries on full graph (922 nodes, eval_batch_size=32)
2026-04-13 09:39:35,496 INFO   eval_kgc [test]: 376/376
2026-04-13 09:39:35,497 INFO test: {'epoch': 6, 'time_epoch': 0.06509, 'loss': 0.0, 'lr': 0.0, 'params': 147265, 'time_iter': 0.00542, 'mrr': 0.55016547, 'hits@1': 0.47074467, 'hits@3': 0.62765956, 'hits@10': 0.65691489}
2026-04-13 09:39:35,507 INFO > Epoch 6: took 19.5s (avg 19.6s) | Best so far: epoch 6	train_loss: 7.7839 	val_loss: 0.0000 val_mrr: 0.4124	test_loss: 0.0000 test_mrr: 0.5502
2026-04-13 09:39:54,565 INFO train: {'epoch': 7, 'time_epoch': 19.00037, 'loss': 7.70318495, 'lr': 9.95e-06, 'params': 147265, 'time_iter': 0.01404, 'subgraph_hits@1': 0.00526608}
2026-04-13 09:39:54,576 INFO eval_epoch_kgc [val]: 1260 queries on full graph (2746 nodes, eval_batch_size=32)
2026-04-13 09:39:54,744 INFO   eval_kgc [val]: 512/1260
2026-04-13 09:39:54,912 INFO   eval_kgc [val]: 1024/1260
2026-04-13 09:39:54,990 INFO   eval_kgc [val]: 1260/1260
2026-04-13 09:39:54,991 INFO val: {'epoch': 7, 'time_epoch': 0.4133, 'loss': 0.0, 'lr': 0.0, 'params': 147265, 'time_iter': 0.01033, 'mrr': 0.40009251, 'hits@1': 0.30714285, 'hits@3': 0.48174602, 'hits@10': 0.53174603}
2026-04-13 09:39:54,995 INFO eval_epoch_kgc [test]: 376 queries on full graph (922 nodes, eval_batch_size=32)
2026-04-13 09:39:55,061 INFO   eval_kgc [test]: 376/376
2026-04-13 09:39:55,061 INFO test: {'epoch': 7, 'time_epoch': 0.06555, 'loss': 0.0, 'lr': 0.0, 'params': 147265, 'time_iter': 0.00546, 'mrr': 0.5369941, 'hits@1': 0.43617022, 'hits@3': 0.61170214, 'hits@10': 0.69680852}
2026-04-13 09:39:55,061 INFO > Epoch 7: took 19.6s (avg 19.6s) | Best so far: epoch 6	train_loss: 7.7839 	val_loss: 0.0000 val_mrr: 0.4124	test_loss: 0.0000 test_mrr: 0.5502
2026-04-13 09:40:14,111 INFO train: {'epoch': 8, 'time_epoch': 18.99112, 'loss': 7.50918948, 'lr': 9.89e-06, 'params': 147265, 'time_iter': 0.01404, 'subgraph_hits@1': 0.00868441}
2026-04-13 09:40:14,121 INFO eval_epoch_kgc [val]: 1260 queries on full graph (2746 nodes, eval_batch_size=32)
2026-04-13 09:40:14,289 INFO   eval_kgc [val]: 512/1260
2026-04-13 09:40:14,458 INFO   eval_kgc [val]: 1024/1260
2026-04-13 09:40:14,535 INFO   eval_kgc [val]: 1260/1260
2026-04-13 09:40:14,536 INFO val: {'epoch': 8, 'time_epoch': 0.41322, 'loss': 0.0, 'lr': 0.0, 'params': 147265, 'time_iter': 0.01033, 'mrr': 0.39534843, 'hits@1': 0.30158731, 'hits@3': 0.46031746, 'hits@10': 0.55158728}
2026-04-13 09:40:14,540 INFO eval_epoch_kgc [test]: 376 queries on full graph (922 nodes, eval_batch_size=32)
2026-04-13 09:40:14,606 INFO   eval_kgc [test]: 376/376
2026-04-13 09:40:14,606 INFO test: {'epoch': 8, 'time_epoch': 0.0654, 'loss': 0.0, 'lr': 0.0, 'params': 147265, 'time_iter': 0.00545, 'mrr': 0.53485036, 'hits@1': 0.43085107, 'hits@3': 0.59840423, 'hits@10': 0.73670214}
2026-04-13 09:40:14,607 INFO > Epoch 8: took 19.5s (avg 19.6s) | Best so far: epoch 6	train_loss: 7.7839 	val_loss: 0.0000 val_mrr: 0.4124	test_loss: 0.0000 test_mrr: 0.5502
2026-04-13 09:40:33,643 INFO train: {'epoch': 9, 'time_epoch': 18.97839, 'loss': 7.15737258, 'lr': 9.81e-06, 'params': 147265, 'time_iter': 0.01403, 'subgraph_hits@1': 0.01644494}
2026-04-13 09:40:33,653 INFO eval_epoch_kgc [val]: 1260 queries on full graph (2746 nodes, eval_batch_size=32)
2026-04-13 09:40:33,821 INFO   eval_kgc [val]: 512/1260
2026-04-13 09:40:33,990 INFO   eval_kgc [val]: 1024/1260
2026-04-13 09:40:34,068 INFO   eval_kgc [val]: 1260/1260
2026-04-13 09:40:34,069 INFO val: {'epoch': 9, 'time_epoch': 0.4135, 'loss': 0.0, 'lr': 0.0, 'params': 147265, 'time_iter': 0.01034, 'mrr': 0.33126068, 'hits@1': 0.20714286, 'hits@3': 0.40952381, 'hits@10': 0.56666666}
2026-04-13 09:40:34,073 INFO eval_epoch_kgc [test]: 376 queries on full graph (922 nodes, eval_batch_size=32)
2026-04-13 09:40:34,138 INFO   eval_kgc [test]: 376/376
2026-04-13 09:40:34,138 INFO test: {'epoch': 9, 'time_epoch': 0.06498, 'loss': 0.0, 'lr': 0.0, 'params': 147265, 'time_iter': 0.00542, 'mrr': 0.46122751, 'hits@1': 0.32446808, 'hits@3': 0.54521275, 'hits@10': 0.75}
2026-04-13 09:40:34,139 INFO > Epoch 9: took 19.5s (avg 19.6s) | Best so far: epoch 6	train_loss: 7.7839 	val_loss: 0.0000 val_mrr: 0.4124	test_loss: 0.0000 test_mrr: 0.5502
2026-04-13 09:40:53,178 INFO train: {'epoch': 10, 'time_epoch': 18.98156, 'loss': 6.84054489, 'lr': 9.7e-06, 'params': 147265, 'time_iter': 0.01403, 'subgraph_hits@1': 0.02697709}
2026-04-13 09:40:53,188 INFO eval_epoch_kgc [val]: 1260 queries on full graph (2746 nodes, eval_batch_size=32)
2026-04-13 09:40:53,355 INFO   eval_kgc [val]: 512/1260
2026-04-13 09:40:53,524 INFO   eval_kgc [val]: 1024/1260
2026-04-13 09:40:53,602 INFO   eval_kgc [val]: 1260/1260
2026-04-13 09:40:53,603 INFO val: {'epoch': 10, 'time_epoch': 0.413, 'loss': 0.0, 'lr': 0.0, 'params': 147265, 'time_iter': 0.01033, 'mrr': 0.30177069, 'hits@1': 0.17063493, 'hits@3': 0.37380952, 'hits@10': 0.56507939}
2026-04-13 09:40:53,607 INFO eval_epoch_kgc [test]: 376 queries on full graph (922 nodes, eval_batch_size=32)
2026-04-13 09:40:53,672 INFO   eval_kgc [test]: 376/376
2026-04-13 09:40:53,673 INFO test: {'epoch': 10, 'time_epoch': 0.06545, 'loss': 0.0, 'lr': 0.0, 'params': 147265, 'time_iter': 0.00545, 'mrr': 0.40088719, 'hits@1': 0.2393617, 'hits@3': 0.49468085, 'hits@10': 0.76329786}
2026-04-13 09:40:53,673 INFO > Epoch 10: took 19.5s (avg 19.6s) | Best so far: epoch 6	train_loss: 7.7839 	val_loss: 0.0000 val_mrr: 0.4124	test_loss: 0.0000 test_mrr: 0.5502
2026-04-13 09:41:12,707 INFO train: {'epoch': 11, 'time_epoch': 18.97543, 'loss': 6.68524504, 'lr': 9.57e-06, 'params': 147265, 'time_iter': 0.01402, 'subgraph_hits@1': 0.04120473}
2026-04-13 09:41:12,716 INFO eval_epoch_kgc [val]: 1260 queries on full graph (2746 nodes, eval_batch_size=32)
2026-04-13 09:41:12,884 INFO   eval_kgc [val]: 512/1260
2026-04-13 09:41:13,052 INFO   eval_kgc [val]: 1024/1260
2026-04-13 09:41:13,130 INFO   eval_kgc [val]: 1260/1260
2026-04-13 09:41:13,131 INFO val: {'epoch': 11, 'time_epoch': 0.41272, 'loss': 0.0, 'lr': 0.0, 'params': 147265, 'time_iter': 0.01032, 'mrr': 0.29863846, 'hits@1': 0.15952381, 'hits@3': 0.38730159, 'hits@10': 0.56984127}
2026-04-13 09:41:13,135 INFO eval_epoch_kgc [test]: 376 queries on full graph (922 nodes, eval_batch_size=32)
2026-04-13 09:41:13,201 INFO   eval_kgc [test]: 376/376
2026-04-13 09:41:13,201 INFO test: {'epoch': 11, 'time_epoch': 0.06554, 'loss': 0.0, 'lr': 0.0, 'params': 147265, 'time_iter': 0.00546, 'mrr': 0.3839173, 'hits@1': 0.19946809, 'hits@3': 0.5106383, 'hits@10': 0.7606383}
2026-04-13 09:41:13,201 INFO > Epoch 11: took 19.5s (avg 19.6s) | Best so far: epoch 6	train_loss: 7.7839 	val_loss: 0.0000 val_mrr: 0.4124	test_loss: 0.0000 test_mrr: 0.5502
2026-04-13 09:41:32,227 INFO train: {'epoch': 12, 'time_epoch': 18.96738, 'loss': 6.59705659, 'lr': 9.41e-06, 'params': 147265, 'time_iter': 0.01402, 'subgraph_hits@1': 0.05025868}
2026-04-13 09:41:32,236 INFO eval_epoch_kgc [val]: 1260 queries on full graph (2746 nodes, eval_batch_size=32)
2026-04-13 09:41:32,404 INFO   eval_kgc [val]: 512/1260
2026-04-13 09:41:32,573 INFO   eval_kgc [val]: 1024/1260
2026-04-13 09:41:32,650 INFO   eval_kgc [val]: 1260/1260
2026-04-13 09:41:32,651 INFO val: {'epoch': 12, 'time_epoch': 0.41299, 'loss': 0.0, 'lr': 0.0, 'params': 147265, 'time_iter': 0.01032, 'mrr': 0.29095387, 'hits@1': 0.1484127, 'hits@3': 0.37936509, 'hits@10': 0.5714286}
2026-04-13 09:41:32,655 INFO eval_epoch_kgc [test]: 376 queries on full graph (922 nodes, eval_batch_size=32)
2026-04-13 09:41:32,721 INFO   eval_kgc [test]: 376/376
2026-04-13 09:41:32,721 INFO test: {'epoch': 12, 'time_epoch': 0.06553, 'loss': 0.0, 'lr': 0.0, 'params': 147265, 'time_iter': 0.00546, 'mrr': 0.36876282, 'hits@1': 0.16755319, 'hits@3': 0.5106383, 'hits@10': 0.77393615}
2026-04-13 09:41:32,722 INFO > Epoch 12: took 19.5s (avg 19.6s) | Best so far: epoch 6	train_loss: 7.7839 	val_loss: 0.0000 val_mrr: 0.4124	test_loss: 0.0000 test_mrr: 0.5502
2026-04-13 09:41:51,752 INFO train: {'epoch': 13, 'time_epoch': 18.97162, 'loss': 6.51949649, 'lr': 9.24e-06, 'params': 147265, 'time_iter': 0.01402, 'subgraph_hits@1': 0.05118256}
2026-04-13 09:41:51,762 INFO eval_epoch_kgc [val]: 1260 queries on full graph (2746 nodes, eval_batch_size=32)
2026-04-13 09:41:51,930 INFO   eval_kgc [val]: 512/1260
2026-04-13 09:41:52,099 INFO   eval_kgc [val]: 1024/1260
2026-04-13 09:41:52,177 INFO   eval_kgc [val]: 1260/1260
2026-04-13 09:41:52,177 INFO val: {'epoch': 13, 'time_epoch': 0.41402, 'loss': 0.0, 'lr': 0.0, 'params': 147265, 'time_iter': 0.01035, 'mrr': 0.28450647, 'hits@1': 0.14603175, 'hits@3': 0.36746031, 'hits@10': 0.57301587}
2026-04-13 09:41:52,182 INFO eval_epoch_kgc [test]: 376 queries on full graph (922 nodes, eval_batch_size=32)
2026-04-13 09:41:52,247 INFO   eval_kgc [test]: 376/376
2026-04-13 09:41:52,247 INFO test: {'epoch': 13, 'time_epoch': 0.065, 'loss': 0.0, 'lr': 0.0, 'params': 147265, 'time_iter': 0.00542, 'mrr': 0.35779819, 'hits@1': 0.15957446, 'hits@3': 0.49734041, 'hits@10': 0.77659577}
2026-04-13 09:41:52,248 INFO > Epoch 13: took 19.5s (avg 19.6s) | Best so far: epoch 6	train_loss: 7.7839 	val_loss: 0.0000 val_mrr: 0.4124	test_loss: 0.0000 test_mrr: 0.5502
2026-04-13 09:42:11,285 INFO train: {'epoch': 14, 'time_epoch': 18.97906, 'loss': 6.46384, 'lr': 9.05e-06, 'params': 147265, 'time_iter': 0.01403, 'subgraph_hits@1': 0.05774206}
2026-04-13 09:42:11,294 INFO eval_epoch_kgc [val]: 1260 queries on full graph (2746 nodes, eval_batch_size=32)
2026-04-13 09:42:11,462 INFO   eval_kgc [val]: 512/1260
2026-04-13 09:42:11,631 INFO   eval_kgc [val]: 1024/1260
2026-04-13 09:42:11,709 INFO   eval_kgc [val]: 1260/1260
2026-04-13 09:42:11,709 INFO val: {'epoch': 14, 'time_epoch': 0.41307, 'loss': 0.0, 'lr': 0.0, 'params': 147265, 'time_iter': 0.01033, 'mrr': 0.27972576, 'hits@1': 0.13968255, 'hits@3': 0.36269841, 'hits@10': 0.5714286}
2026-04-13 09:42:11,713 INFO eval_epoch_kgc [test]: 376 queries on full graph (922 nodes, eval_batch_size=32)
2026-04-13 09:42:11,779 INFO   eval_kgc [test]: 376/376
2026-04-13 09:42:11,779 INFO test: {'epoch': 14, 'time_epoch': 0.06548, 'loss': 0.0, 'lr': 0.0, 'params': 147265, 'time_iter': 0.00546, 'mrr': 0.35001948, 'hits@1': 0.15159574, 'hits@3': 0.47872341, 'hits@10': 0.76861703}
2026-04-13 09:42:11,780 INFO > Epoch 14: took 19.5s (avg 19.6s) | Best so far: epoch 6	train_loss: 7.7839 	val_loss: 0.0000 val_mrr: 0.4124	test_loss: 0.0000 test_mrr: 0.5502
2026-04-13 09:42:30,815 INFO train: {'epoch': 15, 'time_epoch': 18.97695, 'loss': 6.42621083, 'lr': 8.83e-06, 'params': 147265, 'time_iter': 0.01403, 'subgraph_hits@1': 0.05968219}
2026-04-13 09:42:30,824 INFO eval_epoch_kgc [val]: 1260 queries on full graph (2746 nodes, eval_batch_size=32)
2026-04-13 09:42:30,992 INFO   eval_kgc [val]: 512/1260
2026-04-13 09:42:31,160 INFO   eval_kgc [val]: 1024/1260
2026-04-13 09:42:31,238 INFO   eval_kgc [val]: 1260/1260
2026-04-13 09:42:31,239 INFO val: {'epoch': 15, 'time_epoch': 0.41247, 'loss': 0.0, 'lr': 0.0, 'params': 147265, 'time_iter': 0.01031, 'mrr': 0.28086725, 'hits@1': 0.14126985, 'hits@3': 0.3611111, 'hits@10': 0.56904763}
2026-04-13 09:42:31,243 INFO eval_epoch_kgc [test]: 376 queries on full graph (922 nodes, eval_batch_size=32)
2026-04-13 09:42:31,308 INFO   eval_kgc [test]: 376/376
2026-04-13 09:42:31,309 INFO test: {'epoch': 15, 'time_epoch': 0.06536, 'loss': 0.0, 'lr': 0.0, 'params': 147265, 'time_iter': 0.00545, 'mrr': 0.34856787, 'hits@1': 0.15159574, 'hits@3': 0.47074467, 'hits@10': 0.76861703}
2026-04-13 09:42:31,309 INFO > Epoch 15: took 19.5s (avg 19.6s) | Best so far: epoch 6	train_loss: 7.7839 	val_loss: 0.0000 val_mrr: 0.4124	test_loss: 0.0000 test_mrr: 0.5502
2026-04-13 09:42:50,341 INFO train: {'epoch': 16, 'time_epoch': 18.97362, 'loss': 6.37629312, 'lr': 8.6e-06, 'params': 147265, 'time_iter': 0.01402, 'subgraph_hits@1': 0.06125277}
2026-04-13 09:42:50,350 INFO eval_epoch_kgc [val]: 1260 queries on full graph (2746 nodes, eval_batch_size=32)
2026-04-13 09:42:50,517 INFO   eval_kgc [val]: 512/1260
2026-04-13 09:42:50,686 INFO   eval_kgc [val]: 1024/1260
2026-04-13 09:42:50,764 INFO   eval_kgc [val]: 1260/1260
2026-04-13 09:42:50,764 INFO val: {'epoch': 16, 'time_epoch': 0.41242, 'loss': 0.0, 'lr': 0.0, 'params': 147265, 'time_iter': 0.01031, 'mrr': 0.26923847, 'hits@1': 0.12777779, 'hits@3': 0.35079366, 'hits@10': 0.56269842}
2026-04-13 09:42:50,769 INFO eval_epoch_kgc [test]: 376 queries on full graph (922 nodes, eval_batch_size=32)
2026-04-13 09:42:50,834 INFO   eval_kgc [test]: 376/376
2026-04-13 09:42:50,834 INFO test: {'epoch': 16, 'time_epoch': 0.06483, 'loss': 0.0, 'lr': 0.0, 'params': 147265, 'time_iter': 0.0054, 'mrr': 0.33750492, 'hits@1': 0.14361702, 'hits@3': 0.45478722, 'hits@10': 0.7606383}
2026-04-13 09:42:50,835 INFO > Epoch 16: took 19.5s (avg 19.6s) | Best so far: epoch 6	train_loss: 7.7839 	val_loss: 0.0000 val_mrr: 0.4124	test_loss: 0.0000 test_mrr: 0.5502
2026-04-13 09:43:09,833 INFO train: {'epoch': 17, 'time_epoch': 18.94, 'loss': 6.34655121, 'lr': 8.35e-06, 'params': 147265, 'time_iter': 0.014, 'subgraph_hits@1': 0.06208426}
2026-04-13 09:43:09,843 INFO eval_epoch_kgc [val]: 1260 queries on full graph (2746 nodes, eval_batch_size=32)
2026-04-13 09:43:10,010 INFO   eval_kgc [val]: 512/1260
2026-04-13 09:43:10,179 INFO   eval_kgc [val]: 1024/1260
2026-04-13 09:43:10,256 INFO   eval_kgc [val]: 1260/1260
2026-04-13 09:43:10,257 INFO val: {'epoch': 17, 'time_epoch': 0.41236, 'loss': 0.0, 'lr': 0.0, 'params': 147265, 'time_iter': 0.01031, 'mrr': 0.26995984, 'hits@1': 0.13253969, 'hits@3': 0.34761906, 'hits@10': 0.56269842}
2026-04-13 09:43:10,261 INFO eval_epoch_kgc [test]: 376 queries on full graph (922 nodes, eval_batch_size=32)
2026-04-13 09:43:10,326 INFO   eval_kgc [test]: 376/376
2026-04-13 09:43:10,327 INFO test: {'epoch': 17, 'time_epoch': 0.06492, 'loss': 0.0, 'lr': 0.0, 'params': 147265, 'time_iter': 0.00541, 'mrr': 0.3379707, 'hits@1': 0.14893617, 'hits@3': 0.43882978, 'hits@10': 0.76329786}
2026-04-13 09:43:10,327 INFO > Epoch 17: took 19.5s (avg 19.6s) | Best so far: epoch 6	train_loss: 7.7839 	val_loss: 0.0000 val_mrr: 0.4124	test_loss: 0.0000 test_mrr: 0.5502
2026-04-13 09:43:29,341 INFO train: {'epoch': 18, 'time_epoch': 18.95583, 'loss': 6.3090742, 'lr': 8.08e-06, 'params': 147265, 'time_iter': 0.01401, 'subgraph_hits@1': 0.06448632}
2026-04-13 09:43:29,351 INFO eval_epoch_kgc [val]: 1260 queries on full graph (2746 nodes, eval_batch_size=32)
2026-04-13 09:43:29,518 INFO   eval_kgc [val]: 512/1260
2026-04-13 09:43:29,687 INFO   eval_kgc [val]: 1024/1260
2026-04-13 09:43:29,764 INFO   eval_kgc [val]: 1260/1260
2026-04-13 09:43:29,765 INFO val: {'epoch': 18, 'time_epoch': 0.41284, 'loss': 0.0, 'lr': 0.0, 'params': 147265, 'time_iter': 0.01032, 'mrr': 0.26861325, 'hits@1': 0.13253969, 'hits@3': 0.34682539, 'hits@10': 0.55555558}
2026-04-13 09:43:29,769 INFO eval_epoch_kgc [test]: 376 queries on full graph (922 nodes, eval_batch_size=32)
2026-04-13 09:43:29,835 INFO   eval_kgc [test]: 376/376
2026-04-13 09:43:29,835 INFO test: {'epoch': 18, 'time_epoch': 0.06512, 'loss': 0.0, 'lr': 0.0, 'params': 147265, 'time_iter': 0.00543, 'mrr': 0.33364701, 'hits@1': 0.14095744, 'hits@3': 0.44680852, 'hits@10': 0.75797874}
2026-04-13 09:43:29,835 INFO > Epoch 18: took 19.5s (avg 19.6s) | Best so far: epoch 6	train_loss: 7.7839 	val_loss: 0.0000 val_mrr: 0.4124	test_loss: 0.0000 test_mrr: 0.5502
2026-04-13 09:43:48,825 INFO train: {'epoch': 19, 'time_epoch': 18.93139, 'loss': 6.2759976, 'lr': 7.8e-06, 'params': 147265, 'time_iter': 0.01399, 'subgraph_hits@1': 0.06818182}
2026-04-13 09:43:48,835 INFO eval_epoch_kgc [val]: 1260 queries on full graph (2746 nodes, eval_batch_size=32)
2026-04-13 09:43:49,002 INFO   eval_kgc [val]: 512/1260
2026-04-13 09:43:49,171 INFO   eval_kgc [val]: 1024/1260
2026-04-13 09:43:49,248 INFO   eval_kgc [val]: 1260/1260
2026-04-13 09:43:49,249 INFO val: {'epoch': 19, 'time_epoch': 0.41261, 'loss': 0.0, 'lr': 0.0, 'params': 147265, 'time_iter': 0.01032, 'mrr': 0.26913604, 'hits@1': 0.13412699, 'hits@3': 0.34761906, 'hits@10': 0.56111109}
2026-04-13 09:43:49,253 INFO eval_epoch_kgc [test]: 376 queries on full graph (922 nodes, eval_batch_size=32)
2026-04-13 09:43:49,319 INFO   eval_kgc [test]: 376/376
2026-04-13 09:43:49,319 INFO test: {'epoch': 19, 'time_epoch': 0.06576, 'loss': 0.0, 'lr': 0.0, 'params': 147265, 'time_iter': 0.00548, 'mrr': 0.33293912, 'hits@1': 0.13829787, 'hits@3': 0.44148937, 'hits@10': 0.7606383}
2026-04-13 09:43:49,320 INFO > Epoch 19: took 19.5s (avg 19.6s) | Best so far: epoch 6	train_loss: 7.7839 	val_loss: 0.0000 val_mrr: 0.4124	test_loss: 0.0000 test_mrr: 0.5502
2026-04-13 09:44:08,317 INFO train: {'epoch': 20, 'time_epoch': 18.93906, 'loss': 6.25466943, 'lr': 7.5e-06, 'params': 147265, 'time_iter': 0.014, 'subgraph_hits@1': 0.07021434}
2026-04-13 09:44:08,327 INFO eval_epoch_kgc [val]: 1260 queries on full graph (2746 nodes, eval_batch_size=32)
2026-04-13 09:44:08,494 INFO   eval_kgc [val]: 512/1260
2026-04-13 09:44:08,663 INFO   eval_kgc [val]: 1024/1260
2026-04-13 09:44:08,741 INFO   eval_kgc [val]: 1260/1260
2026-04-13 09:44:08,741 INFO val: {'epoch': 20, 'time_epoch': 0.41296, 'loss': 0.0, 'lr': 0.0, 'params': 147265, 'time_iter': 0.01032, 'mrr': 0.25938138, 'hits@1': 0.12301587, 'hits@3': 0.34047619, 'hits@10': 0.55476189}
2026-04-13 09:44:08,745 INFO eval_epoch_kgc [test]: 376 queries on full graph (922 nodes, eval_batch_size=32)
2026-04-13 09:44:08,811 INFO   eval_kgc [test]: 376/376
2026-04-13 09:44:08,812 INFO test: {'epoch': 20, 'time_epoch': 0.06554, 'loss': 0.0, 'lr': 0.0, 'params': 147265, 'time_iter': 0.00546, 'mrr': 0.32664794, 'hits@1': 0.1356383, 'hits@3': 0.41755319, 'hits@10': 0.75531918}
2026-04-13 09:44:08,812 INFO > Epoch 20: took 19.5s (avg 19.5s) | Best so far: epoch 6	train_loss: 7.7839 	val_loss: 0.0000 val_mrr: 0.4124	test_loss: 0.0000 test_mrr: 0.5502
2026-04-13 09:44:27,819 INFO train: {'epoch': 21, 'time_epoch': 18.94883, 'loss': 6.23819773, 'lr': 7.19e-06, 'params': 147265, 'time_iter': 0.01401, 'subgraph_hits@1': 0.06993718}
2026-04-13 09:44:27,829 INFO eval_epoch_kgc [val]: 1260 queries on full graph (2746 nodes, eval_batch_size=32)
2026-04-13 09:44:27,996 INFO   eval_kgc [val]: 512/1260
2026-04-13 09:44:28,165 INFO   eval_kgc [val]: 1024/1260
2026-04-13 09:44:28,243 INFO   eval_kgc [val]: 1260/1260
2026-04-13 09:44:28,244 INFO val: {'epoch': 21, 'time_epoch': 0.41335, 'loss': 0.0, 'lr': 0.0, 'params': 147265, 'time_iter': 0.01033, 'mrr': 0.26755875, 'hits@1': 0.13095239, 'hits@3': 0.34920636, 'hits@10': 0.55555558}
2026-04-13 09:44:28,248 INFO eval_epoch_kgc [test]: 376 queries on full graph (922 nodes, eval_batch_size=32)
2026-04-13 09:44:28,313 INFO   eval_kgc [test]: 376/376
2026-04-13 09:44:28,314 INFO test: {'epoch': 21, 'time_epoch': 0.06488, 'loss': 0.0, 'lr': 0.0, 'params': 147265, 'time_iter': 0.00541, 'mrr': 0.3320604, 'hits@1': 0.13829787, 'hits@3': 0.42819148, 'hits@10': 0.75797874}
2026-04-13 09:44:28,314 INFO > Epoch 21: took 19.5s (avg 19.5s) | Best so far: epoch 6	train_loss: 7.7839 	val_loss: 0.0000 val_mrr: 0.4124	test_loss: 0.0000 test_mrr: 0.5502
2026-04-13 09:44:47,322 INFO train: {'epoch': 22, 'time_epoch': 18.94953, 'loss': 6.19694626, 'lr': 6.87e-06, 'params': 147265, 'time_iter': 0.01401, 'subgraph_hits@1': 0.07529564}
2026-04-13 09:44:47,331 INFO eval_epoch_kgc [val]: 1260 queries on full graph (2746 nodes, eval_batch_size=32)
2026-04-13 09:44:47,499 INFO   eval_kgc [val]: 512/1260
2026-04-13 09:44:47,668 INFO   eval_kgc [val]: 1024/1260
2026-04-13 09:44:47,746 INFO   eval_kgc [val]: 1260/1260
2026-04-13 09:44:47,746 INFO val: {'epoch': 22, 'time_epoch': 0.41322, 'loss': 0.0, 'lr': 0.0, 'params': 147265, 'time_iter': 0.01033, 'mrr': 0.26222888, 'hits@1': 0.12539683, 'hits@3': 0.33968255, 'hits@10': 0.55714285}
2026-04-13 09:44:47,750 INFO eval_epoch_kgc [test]: 376 queries on full graph (922 nodes, eval_batch_size=32)
2026-04-13 09:44:47,815 INFO   eval_kgc [test]: 376/376
2026-04-13 09:44:47,816 INFO test: {'epoch': 22, 'time_epoch': 0.0648, 'loss': 0.0, 'lr': 0.0, 'params': 147265, 'time_iter': 0.0054, 'mrr': 0.324761, 'hits@1': 0.13297872, 'hits@3': 0.41755319, 'hits@10': 0.76329786}
2026-04-13 09:44:47,816 INFO > Epoch 22: took 19.5s (avg 19.5s) | Best so far: epoch 6	train_loss: 7.7839 	val_loss: 0.0000 val_mrr: 0.4124	test_loss: 0.0000 test_mrr: 0.5502
2026-04-13 09:45:06,809 INFO train: {'epoch': 23, 'time_epoch': 18.93501, 'loss': 6.17693525, 'lr': 6.55e-06, 'params': 147265, 'time_iter': 0.01399, 'subgraph_hits@1': 0.07908352}
2026-04-13 09:45:06,819 INFO eval_epoch_kgc [val]: 1260 queries on full graph (2746 nodes, eval_batch_size=32)
2026-04-13 09:45:06,986 INFO   eval_kgc [val]: 512/1260
2026-04-13 09:45:07,155 INFO   eval_kgc [val]: 1024/1260
2026-04-13 09:45:07,233 INFO   eval_kgc [val]: 1260/1260
2026-04-13 09:45:07,234 INFO val: {'epoch': 23, 'time_epoch': 0.41287, 'loss': 0.0, 'lr': 0.0, 'params': 147265, 'time_iter': 0.01032, 'mrr': 0.25840411, 'hits@1': 0.12380952, 'hits@3': 0.33333334, 'hits@10': 0.55317461}
2026-04-13 09:45:07,238 INFO eval_epoch_kgc [test]: 376 queries on full graph (922 nodes, eval_batch_size=32)
2026-04-13 09:45:07,303 INFO   eval_kgc [test]: 376/376
2026-04-13 09:45:07,304 INFO test: {'epoch': 23, 'time_epoch': 0.0651, 'loss': 0.0, 'lr': 0.0, 'params': 147265, 'time_iter': 0.00543, 'mrr': 0.31631503, 'hits@1': 0.125, 'hits@3': 0.40425533, 'hits@10': 0.75531918}
2026-04-13 09:45:07,304 INFO > Epoch 23: took 19.5s (avg 19.5s) | Best so far: epoch 6	train_loss: 7.7839 	val_loss: 0.0000 val_mrr: 0.4124	test_loss: 0.0000 test_mrr: 0.5502
2026-04-13 09:45:26,297 INFO train: {'epoch': 24, 'time_epoch': 18.93472, 'loss': 6.14916967, 'lr': 6.21e-06, 'params': 147265, 'time_iter': 0.01399, 'subgraph_hits@1': 0.07769771}
2026-04-13 09:45:26,307 INFO eval_epoch_kgc [val]: 1260 queries on full graph (2746 nodes, eval_batch_size=32)
2026-04-13 09:45:26,474 INFO   eval_kgc [val]: 512/1260
2026-04-13 09:45:26,643 INFO   eval_kgc [val]: 1024/1260
2026-04-13 09:45:26,720 INFO   eval_kgc [val]: 1260/1260
2026-04-13 09:45:26,721 INFO val: {'epoch': 24, 'time_epoch': 0.41249, 'loss': 0.0, 'lr': 0.0, 'params': 147265, 'time_iter': 0.01031, 'mrr': 0.25437745, 'hits@1': 0.12063492, 'hits@3': 0.32380953, 'hits@10': 0.55079365}
2026-04-13 09:45:26,725 INFO eval_epoch_kgc [test]: 376 queries on full graph (922 nodes, eval_batch_size=32)
2026-04-13 09:45:26,791 INFO   eval_kgc [test]: 376/376
2026-04-13 09:45:26,791 INFO test: {'epoch': 24, 'time_epoch': 0.06517, 'loss': 0.0, 'lr': 0.0, 'params': 147265, 'time_iter': 0.00543, 'mrr': 0.31064692, 'hits@1': 0.12234043, 'hits@3': 0.39361703, 'hits@10': 0.75}
2026-04-13 09:45:26,791 INFO > Epoch 24: took 19.5s (avg 19.5s) | Best so far: epoch 6	train_loss: 7.7839 	val_loss: 0.0000 val_mrr: 0.4124	test_loss: 0.0000 test_mrr: 0.5502
2026-04-13 09:45:45,793 INFO train: {'epoch': 25, 'time_epoch': 18.94331, 'loss': 6.12061674, 'lr': 5.87e-06, 'params': 147265, 'time_iter': 0.014, 'subgraph_hits@1': 0.08388766}
2026-04-13 09:45:45,803 INFO eval_epoch_kgc [val]: 1260 queries on full graph (2746 nodes, eval_batch_size=32)
2026-04-13 09:45:45,970 INFO   eval_kgc [val]: 512/1260
2026-04-13 09:45:46,138 INFO   eval_kgc [val]: 1024/1260
2026-04-13 09:45:46,216 INFO   eval_kgc [val]: 1260/1260
2026-04-13 09:45:46,217 INFO val: {'epoch': 25, 'time_epoch': 0.41257, 'loss': 0.0, 'lr': 0.0, 'params': 147265, 'time_iter': 0.01031, 'mrr': 0.25733721, 'hits@1': 0.12142857, 'hits@3': 0.33095238, 'hits@10': 0.55476189}
2026-04-13 09:45:46,221 INFO eval_epoch_kgc [test]: 376 queries on full graph (922 nodes, eval_batch_size=32)
2026-04-13 09:45:46,287 INFO   eval_kgc [test]: 376/376
2026-04-13 09:45:46,287 INFO test: {'epoch': 25, 'time_epoch': 0.06501, 'loss': 0.0, 'lr': 0.0, 'params': 147265, 'time_iter': 0.00542, 'mrr': 0.3146089, 'hits@1': 0.12765957, 'hits@3': 0.39893618, 'hits@10': 0.75531918}
2026-04-13 09:45:46,287 INFO > Epoch 25: took 19.5s (avg 19.5s) | Best so far: epoch 6	train_loss: 7.7839 	val_loss: 0.0000 val_mrr: 0.4124	test_loss: 0.0000 test_mrr: 0.5502
2026-04-13 09:46:05,292 INFO train: {'epoch': 26, 'time_epoch': 18.94587, 'loss': 6.09500996, 'lr': 5.52e-06, 'params': 147265, 'time_iter': 0.014, 'subgraph_hits@1': 0.0857354}
2026-04-13 09:46:05,302 INFO eval_epoch_kgc [val]: 1260 queries on full graph (2746 nodes, eval_batch_size=32)
2026-04-13 09:46:05,469 INFO   eval_kgc [val]: 512/1260
2026-04-13 09:46:05,638 INFO   eval_kgc [val]: 1024/1260
2026-04-13 09:46:05,716 INFO   eval_kgc [val]: 1260/1260
2026-04-13 09:46:05,716 INFO val: {'epoch': 26, 'time_epoch': 0.41278, 'loss': 0.0, 'lr': 0.0, 'params': 147265, 'time_iter': 0.01032, 'mrr': 0.24844764, 'hits@1': 0.11428571, 'hits@3': 0.31111112, 'hits@10': 0.54761904}
2026-04-13 09:46:05,721 INFO eval_epoch_kgc [test]: 376 queries on full graph (922 nodes, eval_batch_size=32)
2026-04-13 09:46:05,787 INFO   eval_kgc [test]: 376/376
2026-04-13 09:46:05,787 INFO test: {'epoch': 26, 'time_epoch': 0.06551, 'loss': 0.0, 'lr': 0.0, 'params': 147265, 'time_iter': 0.00546, 'mrr': 0.31500018, 'hits@1': 0.13031915, 'hits@3': 0.40159574, 'hits@10': 0.74468082}
2026-04-13 09:46:05,787 INFO > Epoch 26: took 19.5s (avg 19.5s) | Best so far: epoch 6	train_loss: 7.7839 	val_loss: 0.0000 val_mrr: 0.4124	test_loss: 0.0000 test_mrr: 0.5502
2026-04-13 09:46:24,801 INFO train: {'epoch': 27, 'time_epoch': 18.95608, 'loss': 6.06559812, 'lr': 5.17e-06, 'params': 147265, 'time_iter': 0.01401, 'subgraph_hits@1': 0.08665927}
2026-04-13 09:46:24,811 INFO eval_epoch_kgc [val]: 1260 queries on full graph (2746 nodes, eval_batch_size=32)
2026-04-13 09:46:24,978 INFO   eval_kgc [val]: 512/1260
2026-04-13 09:46:25,147 INFO   eval_kgc [val]: 1024/1260
2026-04-13 09:46:25,225 INFO   eval_kgc [val]: 1260/1260
2026-04-13 09:46:25,225 INFO val: {'epoch': 27, 'time_epoch': 0.41271, 'loss': 0.0, 'lr': 0.0, 'params': 147265, 'time_iter': 0.01032, 'mrr': 0.25035113, 'hits@1': 0.11507937, 'hits@3': 0.31507936, 'hits@10': 0.55079365}
2026-04-13 09:46:25,230 INFO eval_epoch_kgc [test]: 376 queries on full graph (922 nodes, eval_batch_size=32)
2026-04-13 09:46:25,295 INFO   eval_kgc [test]: 376/376
2026-04-13 09:46:25,296 INFO test: {'epoch': 27, 'time_epoch': 0.0651, 'loss': 0.0, 'lr': 0.0, 'params': 147265, 'time_iter': 0.00542, 'mrr': 0.31543162, 'hits@1': 0.13031915, 'hits@3': 0.39893618, 'hits@10': 0.75265956}
2026-04-13 09:46:25,296 INFO > Epoch 27: took 19.5s (avg 19.5s) | Best so far: epoch 6	train_loss: 7.7839 	val_loss: 0.0000 val_mrr: 0.4124	test_loss: 0.0000 test_mrr: 0.5502
2026-04-13 09:46:44,301 INFO train: {'epoch': 28, 'time_epoch': 18.94668, 'loss': 6.05188017, 'lr': 4.83e-06, 'params': 147265, 'time_iter': 0.014, 'subgraph_hits@1': 0.08610495}
2026-04-13 09:46:44,310 INFO eval_epoch_kgc [val]: 1260 queries on full graph (2746 nodes, eval_batch_size=32)
2026-04-13 09:46:44,477 INFO   eval_kgc [val]: 512/1260
2026-04-13 09:46:44,646 INFO   eval_kgc [val]: 1024/1260
2026-04-13 09:46:44,724 INFO   eval_kgc [val]: 1260/1260
2026-04-13 09:46:44,724 INFO val: {'epoch': 28, 'time_epoch': 0.41242, 'loss': 0.0, 'lr': 0.0, 'params': 147265, 'time_iter': 0.01031, 'mrr': 0.24990658, 'hits@1': 0.11428571, 'hits@3': 0.31587303, 'hits@10': 0.55000001}
2026-04-13 09:46:44,729 INFO eval_epoch_kgc [test]: 376 queries on full graph (922 nodes, eval_batch_size=32)
2026-04-13 09:46:44,794 INFO   eval_kgc [test]: 376/376
2026-04-13 09:46:44,795 INFO test: {'epoch': 28, 'time_epoch': 0.06534, 'loss': 0.0, 'lr': 0.0, 'params': 147265, 'time_iter': 0.00544, 'mrr': 0.31616136, 'hits@1': 0.13297872, 'hits@3': 0.39893618, 'hits@10': 0.74734044}
2026-04-13 09:46:44,795 INFO > Epoch 28: took 19.5s (avg 19.5s) | Best so far: epoch 6	train_loss: 7.7839 	val_loss: 0.0000 val_mrr: 0.4124	test_loss: 0.0000 test_mrr: 0.5502
2026-04-13 09:47:03,803 INFO train: {'epoch': 29, 'time_epoch': 18.95056, 'loss': 6.03605858, 'lr': 4.48e-06, 'params': 147265, 'time_iter': 0.01401, 'subgraph_hits@1': 0.08739837}
2026-04-13 09:47:03,813 INFO eval_epoch_kgc [val]: 1260 queries on full graph (2746 nodes, eval_batch_size=32)
2026-04-13 09:47:03,980 INFO   eval_kgc [val]: 512/1260
2026-04-13 09:47:04,149 INFO   eval_kgc [val]: 1024/1260
2026-04-13 09:47:04,227 INFO   eval_kgc [val]: 1260/1260
2026-04-13 09:47:04,228 INFO val: {'epoch': 29, 'time_epoch': 0.41249, 'loss': 0.0, 'lr': 0.0, 'params': 147265, 'time_iter': 0.01031, 'mrr': 0.24633618, 'hits@1': 0.11190476, 'hits@3': 0.31031746, 'hits@10': 0.54920638}
2026-04-13 09:47:04,232 INFO eval_epoch_kgc [test]: 376 queries on full graph (922 nodes, eval_batch_size=32)
2026-04-13 09:47:04,297 INFO   eval_kgc [test]: 376/376
2026-04-13 09:47:04,298 INFO test: {'epoch': 29, 'time_epoch': 0.0649, 'loss': 0.0, 'lr': 0.0, 'params': 147265, 'time_iter': 0.00541, 'mrr': 0.314237, 'hits@1': 0.13297872, 'hits@3': 0.39361703, 'hits@10': 0.74734044}
2026-04-13 09:47:04,298 INFO > Epoch 29: took 19.5s (avg 19.5s) | Best so far: epoch 6	train_loss: 7.7839 	val_loss: 0.0000 val_mrr: 0.4124	test_loss: 0.0000 test_mrr: 0.5502
2026-04-13 09:47:23,326 INFO train: {'epoch': 30, 'time_epoch': 18.97024, 'loss': 6.01838631, 'lr': 4.13e-06, 'params': 147265, 'time_iter': 0.01402, 'subgraph_hits@1': 0.09127864}
2026-04-13 09:47:23,336 INFO eval_epoch_kgc [val]: 1260 queries on full graph (2746 nodes, eval_batch_size=32)
2026-04-13 09:47:23,503 INFO   eval_kgc [val]: 512/1260
2026-04-13 09:47:23,672 INFO   eval_kgc [val]: 1024/1260
2026-04-13 09:47:23,749 INFO   eval_kgc [val]: 1260/1260
2026-04-13 09:47:23,750 INFO val: {'epoch': 30, 'time_epoch': 0.41251, 'loss': 0.0, 'lr': 0.0, 'params': 147265, 'time_iter': 0.01031, 'mrr': 0.24547035, 'hits@1': 0.11111111, 'hits@3': 0.30873016, 'hits@10': 0.54682541}
2026-04-13 09:47:23,754 INFO eval_epoch_kgc [test]: 376 queries on full graph (922 nodes, eval_batch_size=32)
2026-04-13 09:47:23,820 INFO   eval_kgc [test]: 376/376
2026-04-13 09:47:23,820 INFO test: {'epoch': 30, 'time_epoch': 0.06536, 'loss': 0.0, 'lr': 0.0, 'params': 147265, 'time_iter': 0.00545, 'mrr': 0.31573424, 'hits@1': 0.1356383, 'hits@3': 0.39627659, 'hits@10': 0.74468082}
2026-04-13 09:47:23,820 INFO > Epoch 30: took 19.5s (avg 19.5s) | Best so far: epoch 6	train_loss: 7.7839 	val_loss: 0.0000 val_mrr: 0.4124	test_loss: 0.0000 test_mrr: 0.5502
2026-04-13 09:47:42,866 INFO train: {'epoch': 31, 'time_epoch': 18.98674, 'loss': 6.00119962, 'lr': 3.79e-06, 'params': 147265, 'time_iter': 0.01403, 'subgraph_hits@1': 0.09571323}
2026-04-13 09:47:42,876 INFO eval_epoch_kgc [val]: 1260 queries on full graph (2746 nodes, eval_batch_size=32)
2026-04-13 09:47:43,045 INFO   eval_kgc [val]: 512/1260
2026-04-13 09:47:43,213 INFO   eval_kgc [val]: 1024/1260
2026-04-13 09:47:43,291 INFO   eval_kgc [val]: 1260/1260
2026-04-13 09:47:43,292 INFO val: {'epoch': 31, 'time_epoch': 0.41407, 'loss': 0.0, 'lr': 0.0, 'params': 147265, 'time_iter': 0.01035, 'mrr': 0.2495451, 'hits@1': 0.11428571, 'hits@3': 0.31666666, 'hits@10': 0.55158728}
2026-04-13 09:47:43,296 INFO eval_epoch_kgc [test]: 376 queries on full graph (922 nodes, eval_batch_size=32)
2026-04-13 09:47:43,363 INFO   eval_kgc [test]: 376/376
2026-04-13 09:47:43,363 INFO test: {'epoch': 31, 'time_epoch': 0.06623, 'loss': 0.0, 'lr': 0.0, 'params': 147265, 'time_iter': 0.00552, 'mrr': 0.3206031, 'hits@1': 0.14095744, 'hits@3': 0.40159574, 'hits@10': 0.75265956}
2026-04-13 09:47:43,363 INFO > Epoch 31: took 19.5s (avg 19.5s) | Best so far: epoch 6	train_loss: 7.7839 	val_loss: 0.0000 val_mrr: 0.4124	test_loss: 0.0000 test_mrr: 0.5502
2026-04-13 09:48:02,408 INFO train: {'epoch': 32, 'time_epoch': 18.98604, 'loss': 5.99061827, 'lr': 3.45e-06, 'params': 147265, 'time_iter': 0.01403, 'subgraph_hits@1': 0.09580562}
2026-04-13 09:48:02,418 INFO eval_epoch_kgc [val]: 1260 queries on full graph (2746 nodes, eval_batch_size=32)
2026-04-13 09:48:02,585 INFO   eval_kgc [val]: 512/1260
2026-04-13 09:48:02,754 INFO   eval_kgc [val]: 1024/1260
2026-04-13 09:48:02,832 INFO   eval_kgc [val]: 1260/1260
2026-04-13 09:48:02,832 INFO val: {'epoch': 32, 'time_epoch': 0.41304, 'loss': 0.0, 'lr': 0.0, 'params': 147265, 'time_iter': 0.01033, 'mrr': 0.24646841, 'hits@1': 0.11190476, 'hits@3': 0.31190476, 'hits@10': 0.54682541}
2026-04-13 09:48:02,837 INFO eval_epoch_kgc [test]: 376 queries on full graph (922 nodes, eval_batch_size=32)
2026-04-13 09:48:02,902 INFO   eval_kgc [test]: 376/376
2026-04-13 09:48:02,903 INFO test: {'epoch': 32, 'time_epoch': 0.06546, 'loss': 0.0, 'lr': 0.0, 'params': 147265, 'time_iter': 0.00545, 'mrr': 0.31510785, 'hits@1': 0.1356383, 'hits@3': 0.39361703, 'hits@10': 0.74734044}
2026-04-13 09:48:02,903 INFO > Epoch 32: took 19.5s (avg 19.5s) | Best so far: epoch 6	train_loss: 7.7839 	val_loss: 0.0000 val_mrr: 0.4124	test_loss: 0.0000 test_mrr: 0.5502
2026-04-13 09:48:21,920 INFO train: {'epoch': 33, 'time_epoch': 18.95904, 'loss': 5.97245451, 'lr': 3.13e-06, 'params': 147265, 'time_iter': 0.01401, 'subgraph_hits@1': 0.09562084}
2026-04-13 09:48:21,930 INFO eval_epoch_kgc [val]: 1260 queries on full graph (2746 nodes, eval_batch_size=32)
2026-04-13 09:48:22,097 INFO   eval_kgc [val]: 512/1260
2026-04-13 09:48:22,266 INFO   eval_kgc [val]: 1024/1260
2026-04-13 09:48:22,344 INFO   eval_kgc [val]: 1260/1260
2026-04-13 09:48:22,344 INFO val: {'epoch': 33, 'time_epoch': 0.41264, 'loss': 0.0, 'lr': 0.0, 'params': 147265, 'time_iter': 0.01032, 'mrr': 0.24466825, 'hits@1': 0.11111111, 'hits@3': 0.30634922, 'hits@10': 0.54523808}
2026-04-13 09:48:22,348 INFO eval_epoch_kgc [test]: 376 queries on full graph (922 nodes, eval_batch_size=32)
2026-04-13 09:48:22,413 INFO   eval_kgc [test]: 376/376
2026-04-13 09:48:22,414 INFO test: {'epoch': 33, 'time_epoch': 0.06477, 'loss': 0.0, 'lr': 0.0, 'params': 147265, 'time_iter': 0.0054, 'mrr': 0.31361583, 'hits@1': 0.1356383, 'hits@3': 0.38031915, 'hits@10': 0.74202126}
2026-04-13 09:48:22,414 INFO > Epoch 33: took 19.5s (avg 19.5s) | Best so far: epoch 6	train_loss: 7.7839 	val_loss: 0.0000 val_mrr: 0.4124	test_loss: 0.0000 test_mrr: 0.5502
2026-04-13 09:48:41,421 INFO train: {'epoch': 34, 'time_epoch': 18.94915, 'loss': 5.94884478, 'lr': 2.81e-06, 'params': 147265, 'time_iter': 0.01401, 'subgraph_hits@1': 0.10421286}
2026-04-13 09:48:41,431 INFO eval_epoch_kgc [val]: 1260 queries on full graph (2746 nodes, eval_batch_size=32)
2026-04-13 09:48:41,598 INFO   eval_kgc [val]: 512/1260
2026-04-13 09:48:41,767 INFO   eval_kgc [val]: 1024/1260
2026-04-13 09:48:41,845 INFO   eval_kgc [val]: 1260/1260
2026-04-13 09:48:41,845 INFO val: {'epoch': 34, 'time_epoch': 0.41243, 'loss': 0.0, 'lr': 0.0, 'params': 147265, 'time_iter': 0.01031, 'mrr': 0.24422458, 'hits@1': 0.10952381, 'hits@3': 0.30793652, 'hits@10': 0.54444444}
2026-04-13 09:48:41,849 INFO eval_epoch_kgc [test]: 376 queries on full graph (922 nodes, eval_batch_size=32)
2026-04-13 09:48:41,915 INFO   eval_kgc [test]: 376/376
2026-04-13 09:48:41,916 INFO test: {'epoch': 34, 'time_epoch': 0.06547, 'loss': 0.0, 'lr': 0.0, 'params': 147265, 'time_iter': 0.00546, 'mrr': 0.31603491, 'hits@1': 0.13829787, 'hits@3': 0.39095744, 'hits@10': 0.7393617}
2026-04-13 09:48:41,916 INFO > Epoch 34: took 19.5s (avg 19.5s) | Best so far: epoch 6	train_loss: 7.7839 	val_loss: 0.0000 val_mrr: 0.4124	test_loss: 0.0000 test_mrr: 0.5502
2026-04-13 09:49:00,923 INFO train: {'epoch': 35, 'time_epoch': 18.94943, 'loss': 5.94425872, 'lr': 2.5e-06, 'params': 147265, 'time_iter': 0.01401, 'subgraph_hits@1': 0.09913156}
2026-04-13 09:49:00,933 INFO eval_epoch_kgc [val]: 1260 queries on full graph (2746 nodes, eval_batch_size=32)
2026-04-13 09:49:01,101 INFO   eval_kgc [val]: 512/1260
2026-04-13 09:49:01,269 INFO   eval_kgc [val]: 1024/1260
2026-04-13 09:49:01,347 INFO   eval_kgc [val]: 1260/1260
2026-04-13 09:49:01,348 INFO val: {'epoch': 35, 'time_epoch': 0.4126, 'loss': 0.0, 'lr': 0.0, 'params': 147265, 'time_iter': 0.01032, 'mrr': 0.24282064, 'hits@1': 0.10714286, 'hits@3': 0.30634922, 'hits@10': 0.54444444}
2026-04-13 09:49:01,352 INFO eval_epoch_kgc [test]: 376 queries on full graph (922 nodes, eval_batch_size=32)
2026-04-13 09:49:01,417 INFO   eval_kgc [test]: 376/376
2026-04-13 09:49:01,417 INFO test: {'epoch': 35, 'time_epoch': 0.06496, 'loss': 0.0, 'lr': 0.0, 'params': 147265, 'time_iter': 0.00541, 'mrr': 0.31502497, 'hits@1': 0.13829787, 'hits@3': 0.38297874, 'hits@10': 0.7393617}
2026-04-13 09:49:01,418 INFO > Epoch 35: took 19.5s (avg 19.5s) | Best so far: epoch 6	train_loss: 7.7839 	val_loss: 0.0000 val_mrr: 0.4124	test_loss: 0.0000 test_mrr: 0.5502
2026-04-13 09:49:20,431 INFO train: {'epoch': 36, 'time_epoch': 18.95491, 'loss': 5.92381704, 'lr': 2.2e-06, 'params': 147265, 'time_iter': 0.01401, 'subgraph_hits@1': 0.10060976}
2026-04-13 09:49:20,440 INFO eval_epoch_kgc [val]: 1260 queries on full graph (2746 nodes, eval_batch_size=32)
2026-04-13 09:49:20,608 INFO   eval_kgc [val]: 512/1260
2026-04-13 09:49:20,776 INFO   eval_kgc [val]: 1024/1260
2026-04-13 09:49:20,854 INFO   eval_kgc [val]: 1260/1260
2026-04-13 09:49:20,855 INFO val: {'epoch': 36, 'time_epoch': 0.41302, 'loss': 0.0, 'lr': 0.0, 'params': 147265, 'time_iter': 0.01033, 'mrr': 0.24247684, 'hits@1': 0.10793651, 'hits@3': 0.30476192, 'hits@10': 0.54206347}
2026-04-13 09:49:20,859 INFO eval_epoch_kgc [test]: 376 queries on full graph (922 nodes, eval_batch_size=32)
2026-04-13 09:49:20,925 INFO   eval_kgc [test]: 376/376
2026-04-13 09:49:20,925 INFO test: {'epoch': 36, 'time_epoch': 0.06551, 'loss': 0.0, 'lr': 0.0, 'params': 147265, 'time_iter': 0.00546, 'mrr': 0.31155607, 'hits@1': 0.1356383, 'hits@3': 0.38031915, 'hits@10': 0.7393617}
2026-04-13 09:49:20,925 INFO > Epoch 36: took 19.5s (avg 19.5s) | Best so far: epoch 6	train_loss: 7.7839 	val_loss: 0.0000 val_mrr: 0.4124	test_loss: 0.0000 test_mrr: 0.5502
2026-04-13 09:49:39,957 INFO train: {'epoch': 37, 'time_epoch': 18.97373, 'loss': 5.92147662, 'lr': 1.92e-06, 'params': 147265, 'time_iter': 0.01402, 'subgraph_hits@1': 0.09857724}
2026-04-13 09:49:39,967 INFO eval_epoch_kgc [val]: 1260 queries on full graph (2746 nodes, eval_batch_size=32)
2026-04-13 09:49:40,135 INFO   eval_kgc [val]: 512/1260
2026-04-13 09:49:40,303 INFO   eval_kgc [val]: 1024/1260
2026-04-13 09:49:40,381 INFO   eval_kgc [val]: 1260/1260
2026-04-13 09:49:40,382 INFO val: {'epoch': 37, 'time_epoch': 0.413, 'loss': 0.0, 'lr': 0.0, 'params': 147265, 'time_iter': 0.01033, 'mrr': 0.24324624, 'hits@1': 0.10793651, 'hits@3': 0.30793652, 'hits@10': 0.54365081}
2026-04-13 09:49:40,386 INFO eval_epoch_kgc [test]: 376 queries on full graph (922 nodes, eval_batch_size=32)
2026-04-13 09:49:40,452 INFO   eval_kgc [test]: 376/376
2026-04-13 09:49:40,452 INFO test: {'epoch': 37, 'time_epoch': 0.06556, 'loss': 0.0, 'lr': 0.0, 'params': 147265, 'time_iter': 0.00546, 'mrr': 0.31666932, 'hits@1': 0.14361702, 'hits@3': 0.38031915, 'hits@10': 0.74202126}
2026-04-13 09:49:40,453 INFO > Epoch 37: took 19.5s (avg 19.5s) | Best so far: epoch 6	train_loss: 7.7839 	val_loss: 0.0000 val_mrr: 0.4124	test_loss: 0.0000 test_mrr: 0.5502
2026-04-13 09:49:59,489 INFO train: {'epoch': 38, 'time_epoch': 18.97838, 'loss': 5.9259042, 'lr': 1.65e-06, 'params': 147265, 'time_iter': 0.01403, 'subgraph_hits@1': 0.10412047}
2026-04-13 09:49:59,499 INFO eval_epoch_kgc [val]: 1260 queries on full graph (2746 nodes, eval_batch_size=32)
2026-04-13 09:49:59,666 INFO   eval_kgc [val]: 512/1260
2026-04-13 09:49:59,835 INFO   eval_kgc [val]: 1024/1260
2026-04-13 09:49:59,913 INFO   eval_kgc [val]: 1260/1260
2026-04-13 09:49:59,913 INFO val: {'epoch': 38, 'time_epoch': 0.41269, 'loss': 0.0, 'lr': 0.0, 'params': 147265, 'time_iter': 0.01032, 'mrr': 0.24286133, 'hits@1': 0.10793651, 'hits@3': 0.30396825, 'hits@10': 0.54365081}
2026-04-13 09:49:59,918 INFO eval_epoch_kgc [test]: 376 queries on full graph (922 nodes, eval_batch_size=32)
2026-04-13 09:49:59,983 INFO   eval_kgc [test]: 376/376
2026-04-13 09:49:59,984 INFO test: {'epoch': 38, 'time_epoch': 0.06556, 'loss': 0.0, 'lr': 0.0, 'params': 147265, 'time_iter': 0.00546, 'mrr': 0.31657639, 'hits@1': 0.14627659, 'hits@3': 0.375, 'hits@10': 0.74202126}
2026-04-13 09:49:59,984 INFO > Epoch 38: took 19.5s (avg 19.5s) | Best so far: epoch 6	train_loss: 7.7839 	val_loss: 0.0000 val_mrr: 0.4124	test_loss: 0.0000 test_mrr: 0.5502
2026-04-13 09:50:19,008 INFO train: {'epoch': 39, 'time_epoch': 18.96524, 'loss': 5.9179952, 'lr': 1.4e-06, 'params': 147265, 'time_iter': 0.01402, 'subgraph_hits@1': 0.10421286}
2026-04-13 09:50:19,017 INFO eval_epoch_kgc [val]: 1260 queries on full graph (2746 nodes, eval_batch_size=32)
2026-04-13 09:50:19,185 INFO   eval_kgc [val]: 512/1260
2026-04-13 09:50:19,353 INFO   eval_kgc [val]: 1024/1260
2026-04-13 09:50:19,431 INFO   eval_kgc [val]: 1260/1260
2026-04-13 09:50:19,432 INFO val: {'epoch': 39, 'time_epoch': 0.41319, 'loss': 0.0, 'lr': 0.0, 'params': 147265, 'time_iter': 0.01033, 'mrr': 0.24311022, 'hits@1': 0.10873016, 'hits@3': 0.30476192, 'hits@10': 0.54523808}
2026-04-13 09:50:19,436 INFO eval_epoch_kgc [test]: 376 queries on full graph (922 nodes, eval_batch_size=32)
2026-04-13 09:50:19,502 INFO   eval_kgc [test]: 376/376
2026-04-13 09:50:19,502 INFO test: {'epoch': 39, 'time_epoch': 0.06571, 'loss': 0.0, 'lr': 0.0, 'params': 147265, 'time_iter': 0.00548, 'mrr': 0.31685558, 'hits@1': 0.14627659, 'hits@3': 0.37765959, 'hits@10': 0.7393617}
2026-04-13 09:50:19,503 INFO > Epoch 39: took 19.5s (avg 19.5s) | Best so far: epoch 6	train_loss: 7.7839 	val_loss: 0.0000 val_mrr: 0.4124	test_loss: 0.0000 test_mrr: 0.5502
2026-04-13 09:50:38,534 INFO train: {'epoch': 40, 'time_epoch': 18.97322, 'loss': 5.91159626, 'lr': 1.17e-06, 'params': 147265, 'time_iter': 0.01402, 'subgraph_hits@1': 0.10384331}
2026-04-13 09:50:38,543 INFO eval_epoch_kgc [val]: 1260 queries on full graph (2746 nodes, eval_batch_size=32)
2026-04-13 09:50:38,713 INFO   eval_kgc [val]: 512/1260
2026-04-13 09:50:38,882 INFO   eval_kgc [val]: 1024/1260
2026-04-13 09:50:38,961 INFO   eval_kgc [val]: 1260/1260
2026-04-13 09:50:38,961 INFO val: {'epoch': 40, 'time_epoch': 0.4162, 'loss': 0.0, 'lr': 0.0, 'params': 147265, 'time_iter': 0.01041, 'mrr': 0.24277191, 'hits@1': 0.10873016, 'hits@3': 0.30476192, 'hits@10': 0.54365081}
2026-04-13 09:50:38,965 INFO eval_epoch_kgc [test]: 376 queries on full graph (922 nodes, eval_batch_size=32)
2026-04-13 09:50:39,043 INFO   eval_kgc [test]: 376/376
2026-04-13 09:50:39,044 INFO test: {'epoch': 40, 'time_epoch': 0.07746, 'loss': 0.0, 'lr': 0.0, 'params': 147265, 'time_iter': 0.00646, 'mrr': 0.31802431, 'hits@1': 0.14893617, 'hits@3': 0.37765959, 'hits@10': 0.7393617}
2026-04-13 09:50:39,044 INFO > Epoch 40: took 19.5s (avg 19.5s) | Best so far: epoch 6	train_loss: 7.7839 	val_loss: 0.0000 val_mrr: 0.4124	test_loss: 0.0000 test_mrr: 0.5502
2026-04-13 09:50:58,071 INFO train: {'epoch': 41, 'time_epoch': 18.9688, 'loss': 5.90587748, 'lr': 9.5e-07, 'params': 147265, 'time_iter': 0.01402, 'subgraph_hits@1': 0.10772358}
2026-04-13 09:50:58,081 INFO eval_epoch_kgc [val]: 1260 queries on full graph (2746 nodes, eval_batch_size=32)
2026-04-13 09:50:58,248 INFO   eval_kgc [val]: 512/1260
2026-04-13 09:50:58,417 INFO   eval_kgc [val]: 1024/1260
2026-04-13 09:50:58,494 INFO   eval_kgc [val]: 1260/1260
2026-04-13 09:50:58,495 INFO val: {'epoch': 41, 'time_epoch': 0.41265, 'loss': 0.0, 'lr': 0.0, 'params': 147265, 'time_iter': 0.01032, 'mrr': 0.24298634, 'hits@1': 0.10873016, 'hits@3': 0.30714285, 'hits@10': 0.54523808}
2026-04-13 09:50:58,499 INFO eval_epoch_kgc [test]: 376 queries on full graph (922 nodes, eval_batch_size=32)
2026-04-13 09:50:58,565 INFO   eval_kgc [test]: 376/376
2026-04-13 09:50:58,565 INFO test: {'epoch': 41, 'time_epoch': 0.06535, 'loss': 0.0, 'lr': 0.0, 'params': 147265, 'time_iter': 0.00545, 'mrr': 0.31757188, 'hits@1': 0.14893617, 'hits@3': 0.375, 'hits@10': 0.7393617}
2026-04-13 09:50:58,565 INFO > Epoch 41: took 19.5s (avg 19.5s) | Best so far: epoch 6	train_loss: 7.7839 	val_loss: 0.0000 val_mrr: 0.4124	test_loss: 0.0000 test_mrr: 0.5502
2026-04-13 09:51:17,544 INFO train: {'epoch': 42, 'time_epoch': 18.92106, 'loss': 5.90624219, 'lr': 7.6e-07, 'params': 147265, 'time_iter': 0.01398, 'subgraph_hits@1': 0.10726164}
2026-04-13 09:51:17,554 INFO eval_epoch_kgc [val]: 1260 queries on full graph (2746 nodes, eval_batch_size=32)
2026-04-13 09:51:17,721 INFO   eval_kgc [val]: 512/1260
2026-04-13 09:51:17,890 INFO   eval_kgc [val]: 1024/1260
2026-04-13 09:51:17,968 INFO   eval_kgc [val]: 1260/1260
2026-04-13 09:51:17,968 INFO val: {'epoch': 42, 'time_epoch': 0.41254, 'loss': 0.0, 'lr': 0.0, 'params': 147265, 'time_iter': 0.01031, 'mrr': 0.24233381, 'hits@1': 0.10793651, 'hits@3': 0.30555555, 'hits@10': 0.54365081}
2026-04-13 09:51:17,973 INFO eval_epoch_kgc [test]: 376 queries on full graph (922 nodes, eval_batch_size=32)
2026-04-13 09:51:18,038 INFO   eval_kgc [test]: 376/376
2026-04-13 09:51:18,038 INFO test: {'epoch': 42, 'time_epoch': 0.06501, 'loss': 0.0, 'lr': 0.0, 'params': 147265, 'time_iter': 0.00542, 'mrr': 0.31898832, 'hits@1': 0.15159574, 'hits@3': 0.375, 'hits@10': 0.7393617}
2026-04-13 09:51:18,039 INFO > Epoch 42: took 19.5s (avg 19.5s) | Best so far: epoch 6	train_loss: 7.7839 	val_loss: 0.0000 val_mrr: 0.4124	test_loss: 0.0000 test_mrr: 0.5502
2026-04-13 09:51:36,986 INFO train: {'epoch': 43, 'time_epoch': 18.88963, 'loss': 5.89864497, 'lr': 5.9e-07, 'params': 147265, 'time_iter': 0.01396, 'subgraph_hits@1': 0.10430524}
2026-04-13 09:51:36,996 INFO eval_epoch_kgc [val]: 1260 queries on full graph (2746 nodes, eval_batch_size=32)
2026-04-13 09:51:37,163 INFO   eval_kgc [val]: 512/1260
2026-04-13 09:51:37,332 INFO   eval_kgc [val]: 1024/1260
2026-04-13 09:51:37,409 INFO   eval_kgc [val]: 1260/1260
2026-04-13 09:51:37,410 INFO val: {'epoch': 43, 'time_epoch': 0.41238, 'loss': 0.0, 'lr': 0.0, 'params': 147265, 'time_iter': 0.01031, 'mrr': 0.2427204, 'hits@1': 0.10873016, 'hits@3': 0.30555555, 'hits@10': 0.54365081}
2026-04-13 09:51:37,414 INFO eval_epoch_kgc [test]: 376 queries on full graph (922 nodes, eval_batch_size=32)
2026-04-13 09:51:37,480 INFO   eval_kgc [test]: 376/376
2026-04-13 09:51:37,480 INFO test: {'epoch': 43, 'time_epoch': 0.06524, 'loss': 0.0, 'lr': 0.0, 'params': 147265, 'time_iter': 0.00544, 'mrr': 0.31875721, 'hits@1': 0.15159574, 'hits@3': 0.375, 'hits@10': 0.7393617}
2026-04-13 09:51:37,480 INFO > Epoch 43: took 19.4s (avg 19.5s) | Best so far: epoch 6	train_loss: 7.7839 	val_loss: 0.0000 val_mrr: 0.4124	test_loss: 0.0000 test_mrr: 0.5502
2026-04-13 09:51:56,505 INFO train: {'epoch': 44, 'time_epoch': 18.96713, 'loss': 5.90406664, 'lr': 4.3e-07, 'params': 147265, 'time_iter': 0.01402, 'subgraph_hits@1': 0.10504434}
2026-04-13 09:51:56,515 INFO eval_epoch_kgc [val]: 1260 queries on full graph (2746 nodes, eval_batch_size=32)
2026-04-13 09:51:56,682 INFO   eval_kgc [val]: 512/1260
2026-04-13 09:51:56,851 INFO   eval_kgc [val]: 1024/1260
2026-04-13 09:51:56,929 INFO   eval_kgc [val]: 1260/1260
2026-04-13 09:51:56,930 INFO val: {'epoch': 44, 'time_epoch': 0.41275, 'loss': 0.0, 'lr': 0.0, 'params': 147265, 'time_iter': 0.01032, 'mrr': 0.24274603, 'hits@1': 0.10873016, 'hits@3': 0.30555555, 'hits@10': 0.54365081}
2026-04-13 09:51:56,934 INFO eval_epoch_kgc [test]: 376 queries on full graph (922 nodes, eval_batch_size=32)
2026-04-13 09:51:57,000 INFO   eval_kgc [test]: 376/376
2026-04-13 09:51:57,000 INFO test: {'epoch': 44, 'time_epoch': 0.06546, 'loss': 0.0, 'lr': 0.0, 'params': 147265, 'time_iter': 0.00545, 'mrr': 0.31846598, 'hits@1': 0.15159574, 'hits@3': 0.375, 'hits@10': 0.7393617}
2026-04-13 09:51:57,000 INFO > Epoch 44: took 19.5s (avg 19.5s) | Best so far: epoch 6	train_loss: 7.7839 	val_loss: 0.0000 val_mrr: 0.4124	test_loss: 0.0000 test_mrr: 0.5502
2026-04-13 09:52:16,026 INFO train: {'epoch': 45, 'time_epoch': 18.96771, 'loss': 5.90873795, 'lr': 3e-07, 'params': 147265, 'time_iter': 0.01402, 'subgraph_hits@1': 0.10430524}
2026-04-13 09:52:16,036 INFO eval_epoch_kgc [val]: 1260 queries on full graph (2746 nodes, eval_batch_size=32)
2026-04-13 09:52:16,204 INFO   eval_kgc [val]: 512/1260
2026-04-13 09:52:16,372 INFO   eval_kgc [val]: 1024/1260
2026-04-13 09:52:16,450 INFO   eval_kgc [val]: 1260/1260
2026-04-13 09:52:16,451 INFO val: {'epoch': 45, 'time_epoch': 0.41317, 'loss': 0.0, 'lr': 0.0, 'params': 147265, 'time_iter': 0.01033, 'mrr': 0.24219587, 'hits@1': 0.10793651, 'hits@3': 0.30476192, 'hits@10': 0.54365081}
2026-04-13 09:52:16,455 INFO eval_epoch_kgc [test]: 376 queries on full graph (922 nodes, eval_batch_size=32)
2026-04-13 09:52:16,520 INFO   eval_kgc [test]: 376/376
2026-04-13 09:52:16,521 INFO test: {'epoch': 45, 'time_epoch': 0.06505, 'loss': 0.0, 'lr': 0.0, 'params': 147265, 'time_iter': 0.00542, 'mrr': 0.31828108, 'hits@1': 0.15159574, 'hits@3': 0.375, 'hits@10': 0.7393617}
2026-04-13 09:52:16,521 INFO > Epoch 45: took 19.5s (avg 19.5s) | Best so far: epoch 6	train_loss: 7.7839 	val_loss: 0.0000 val_mrr: 0.4124	test_loss: 0.0000 test_mrr: 0.5502
2026-04-13 09:52:35,525 INFO train: {'epoch': 46, 'time_epoch': 18.9462, 'loss': 5.89728876, 'lr': 1.9e-07, 'params': 147265, 'time_iter': 0.014, 'subgraph_hits@1': 0.10790835}
2026-04-13 09:52:35,535 INFO eval_epoch_kgc [val]: 1260 queries on full graph (2746 nodes, eval_batch_size=32)
2026-04-13 09:52:35,703 INFO   eval_kgc [val]: 512/1260
2026-04-13 09:52:35,872 INFO   eval_kgc [val]: 1024/1260
2026-04-13 09:52:35,950 INFO   eval_kgc [val]: 1260/1260
2026-04-13 09:52:35,950 INFO val: {'epoch': 46, 'time_epoch': 0.41338, 'loss': 0.0, 'lr': 0.0, 'params': 147265, 'time_iter': 0.01033, 'mrr': 0.24208674, 'hits@1': 0.10793651, 'hits@3': 0.30396825, 'hits@10': 0.54365081}
2026-04-13 09:52:35,954 INFO eval_epoch_kgc [test]: 376 queries on full graph (922 nodes, eval_batch_size=32)
2026-04-13 09:52:36,020 INFO   eval_kgc [test]: 376/376
2026-04-13 09:52:36,020 INFO test: {'epoch': 46, 'time_epoch': 0.06503, 'loss': 0.0, 'lr': 0.0, 'params': 147265, 'time_iter': 0.00542, 'mrr': 0.31817043, 'hits@1': 0.15159574, 'hits@3': 0.375, 'hits@10': 0.7393617}
2026-04-13 09:52:36,020 INFO > Epoch 46: took 19.5s (avg 19.5s) | Best so far: epoch 6	train_loss: 7.7839 	val_loss: 0.0000 val_mrr: 0.4124	test_loss: 0.0000 test_mrr: 0.5502
2026-04-13 09:52:55,055 INFO train: {'epoch': 47, 'time_epoch': 18.97605, 'loss': 5.8920245, 'lr': 1.1e-07, 'params': 147265, 'time_iter': 0.01403, 'subgraph_hits@1': 0.11086474}
2026-04-13 09:52:55,064 INFO eval_epoch_kgc [val]: 1260 queries on full graph (2746 nodes, eval_batch_size=32)
2026-04-13 09:52:55,232 INFO   eval_kgc [val]: 512/1260
2026-04-13 09:52:55,401 INFO   eval_kgc [val]: 1024/1260
2026-04-13 09:52:55,479 INFO   eval_kgc [val]: 1260/1260
2026-04-13 09:52:55,479 INFO val: {'epoch': 47, 'time_epoch': 0.41311, 'loss': 0.0, 'lr': 0.0, 'params': 147265, 'time_iter': 0.01033, 'mrr': 0.24189378, 'hits@1': 0.10793651, 'hits@3': 0.30396825, 'hits@10': 0.54365081}
2026-04-13 09:52:55,483 INFO eval_epoch_kgc [test]: 376 queries on full graph (922 nodes, eval_batch_size=32)
2026-04-13 09:52:55,549 INFO   eval_kgc [test]: 376/376
2026-04-13 09:52:55,549 INFO test: {'epoch': 47, 'time_epoch': 0.0654, 'loss': 0.0, 'lr': 0.0, 'params': 147265, 'time_iter': 0.00545, 'mrr': 0.31670195, 'hits@1': 0.14893617, 'hits@3': 0.375, 'hits@10': 0.7393617}
2026-04-13 09:52:55,550 INFO > Epoch 47: took 19.5s (avg 19.5s) | Best so far: epoch 6	train_loss: 7.7839 	val_loss: 0.0000 val_mrr: 0.4124	test_loss: 0.0000 test_mrr: 0.5502
2026-04-13 09:53:14,577 INFO train: {'epoch': 48, 'time_epoch': 18.96861, 'loss': 5.89527106, 'lr': 5e-08, 'params': 147265, 'time_iter': 0.01402, 'subgraph_hits@1': 0.10846268}
2026-04-13 09:53:14,587 INFO eval_epoch_kgc [val]: 1260 queries on full graph (2746 nodes, eval_batch_size=32)
2026-04-13 09:53:14,755 INFO   eval_kgc [val]: 512/1260
2026-04-13 09:53:14,924 INFO   eval_kgc [val]: 1024/1260
2026-04-13 09:53:15,002 INFO   eval_kgc [val]: 1260/1260
2026-04-13 09:53:15,003 INFO val: {'epoch': 48, 'time_epoch': 0.41388, 'loss': 0.0, 'lr': 0.0, 'params': 147265, 'time_iter': 0.01035, 'mrr': 0.24183328, 'hits@1': 0.10793651, 'hits@3': 0.30317461, 'hits@10': 0.54285717}
2026-04-13 09:53:15,011 INFO eval_epoch_kgc [test]: 376 queries on full graph (922 nodes, eval_batch_size=32)
2026-04-13 09:53:15,076 INFO   eval_kgc [test]: 376/376
2026-04-13 09:53:15,077 INFO test: {'epoch': 48, 'time_epoch': 0.06543, 'loss': 0.0, 'lr': 0.0, 'params': 147265, 'time_iter': 0.00545, 'mrr': 0.31668335, 'hits@1': 0.14893617, 'hits@3': 0.375, 'hits@10': 0.7393617}
2026-04-13 09:53:15,077 INFO > Epoch 48: took 19.5s (avg 19.5s) | Best so far: epoch 6	train_loss: 7.7839 	val_loss: 0.0000 val_mrr: 0.4124	test_loss: 0.0000 test_mrr: 0.5502
2026-04-13 09:53:34,102 INFO train: {'epoch': 49, 'time_epoch': 18.96675, 'loss': 5.89832161, 'lr': 1e-08, 'params': 147265, 'time_iter': 0.01402, 'subgraph_hits@1': 0.10772358}
2026-04-13 09:53:34,112 INFO eval_epoch_kgc [val]: 1260 queries on full graph (2746 nodes, eval_batch_size=32)
2026-04-13 09:53:34,279 INFO   eval_kgc [val]: 512/1260
2026-04-13 09:53:34,448 INFO   eval_kgc [val]: 1024/1260
2026-04-13 09:53:34,526 INFO   eval_kgc [val]: 1260/1260
2026-04-13 09:53:34,526 INFO val: {'epoch': 49, 'time_epoch': 0.41275, 'loss': 0.0, 'lr': 0.0, 'params': 147265, 'time_iter': 0.01032, 'mrr': 0.24183321, 'hits@1': 0.10793651, 'hits@3': 0.30317461, 'hits@10': 0.54285717}
2026-04-13 09:53:34,531 INFO eval_epoch_kgc [test]: 376 queries on full graph (922 nodes, eval_batch_size=32)
2026-04-13 09:53:34,596 INFO   eval_kgc [test]: 376/376
2026-04-13 09:53:34,597 INFO test: {'epoch': 49, 'time_epoch': 0.06558, 'loss': 0.0, 'lr': 0.0, 'params': 147265, 'time_iter': 0.00546, 'mrr': 0.31668386, 'hits@1': 0.14893617, 'hits@3': 0.375, 'hits@10': 0.7393617}
2026-04-13 09:53:34,597 INFO > Epoch 49: took 19.5s (avg 19.5s) | Best so far: epoch 6	train_loss: 7.7839 	val_loss: 0.0000 val_mrr: 0.4124	test_loss: 0.0000 test_mrr: 0.5502
2026-04-13 09:53:34,597 INFO Avg time per epoch: 19.53s
2026-04-13 09:53:34,597 INFO Total train loop time: 0.27h
2026-04-13 09:53:34,597 INFO Task done, results saved in results/wn18rr_ind_v1_distmultv/0
2026-04-13 09:53:34,600 INFO Aggregated results saved to results/wn18rr_ind_v1_distmultv/agg/best.json
2026-04-13 09:53:34,601 INFO   train: {'epoch': 6, 'time_epoch': 18.97403, 'time_epoch_std': 0.0, 'loss': 7.78385, 'loss_std': 0.0, 'lr': 1e-05, 'lr_std': 0.0, 'params': 147265.0, 'params_std': 0.0, 'time_iter': 0.01402, 'time_iter_std': 0.0, 'subgraph_hits@1': 0.00443, 'subgraph_hits@1_std': 0.0}
2026-04-13 09:53:34,601 INFO   val: {'epoch': 6, 'time_epoch': 0.41317, 'time_epoch_std': 0.0, 'loss': 0.0, 'loss_std': 0.0, 'lr': 0.0, 'lr_std': 0.0, 'params': 147265.0, 'params_std': 0.0, 'time_iter': 0.01033, 'time_iter_std': 0.0, 'mrr': 0.4124, 'mrr_std': 0.0, 'hits@1': 0.33413, 'hits@1_std': 0.0, 'hits@3': 0.4881, 'hits@3_std': 0.0, 'hits@10': 0.5119, 'hits@10_std': 0.0}
2026-04-13 09:53:34,601 INFO   test: {'epoch': 6, 'time_epoch': 0.06509, 'time_epoch_std': 0.0, 'loss': 0.0, 'loss_std': 0.0, 'lr': 0.0, 'lr_std': 0.0, 'params': 147265.0, 'params_std': 0.0, 'time_iter': 0.00542, 'time_iter_std': 0.0, 'mrr': 0.55017, 'mrr_std': 0.0, 'hits@1': 0.47074, 'hits@1_std': 0.0, 'hits@3': 0.62766, 'hits@3_std': 0.0, 'hits@10': 0.65691, 'hits@10_std': 0.0}
2026-04-13 09:53:34,601 INFO [*] All done: 2026-04-13 09:53:34.601147
