2026-04-10 13:51:50,570 INFO Device: cuda
2026-04-10 13:51:50,570 INFO [*] Run ID 0: seed=0, split_index=0
2026-04-10 13:51:50,570 INFO     Starting now: 2026-04-10 13:51:50.570474
2026-04-10 13:51:50,588 INFO KGCDataset loaded: 2746 entities, 18 relations (reciprocal=True), 10820 train / 630 val / 0 test triples
2026-04-10 13:51:50,703 INFO InductiveKGCDataset [WN18RR-ind-v1] loaded: train graph 2746 ents / 5410 edges, test graph 922 ents / 1618 edges, 9 relations (reciprocal=True), 5410 train / 630 val / 188 test queries
2026-04-10 13:51:50,704 INFO Skipping subgraph cache (inductive full-graph mode).
2026-04-10 13:51:50,704 INFO [*] Loaded inductive KGC dataset 'WN18RR-ind-v1': 2746 train entities, 18 relations, 18 edge types (reciprocal=True), 10820 train / 630 val / 188 test queries
2026-04-10 13:51:50,704 INFO dim_in=1, dim_out=1
2026-04-10 13:51:50,872 INFO MultiModel(
  (encoder): FeatureEncoder(
    (node_encoder): KGCNodeEncoder(
      (rel_emb): Embedding(18, 64)
    )
    (edge_encoder): RelationEmbeddingEncoder(
      (emb): Embedding(18, 64)
    )
    (exp_edge_fixer): ExpanderEdgeFixer(
      (exp_edge_attr): Embedding(1, 64)
    )
  )
  (layers): Sequential(
    (0): MultiLayer(
      dim_h=64, model_types=['Exphormer']
      (models): ModuleList(
        (0): GlobalModel(
          (self_attn): ExphormerAttention(
            (Q): Linear(in_features=64, out_features=64, bias=False)
            (K): Linear(in_features=64, out_features=64, bias=False)
            (E): Linear(in_features=64, out_features=64, bias=False)
            (V): Linear(in_features=64, out_features=64, bias=False)
            (V_gate): Linear(in_features=64, out_features=64, bias=False)
            (shared_rel_emb_table): Embedding(18, 64)
            (proj_q): Linear(in_features=64, out_features=64, bias=False)
            (proj_k): Linear(in_features=64, out_features=64, bias=False)
            (proj_e): Linear(in_features=64, out_features=64, bias=False)
            (proj_vg): Linear(in_features=64, out_features=64, bias=False)
          )
          (norm1_attn): LayerNorm((64,), eps=1e-05, elementwise_affine=True)
          (dropout_attn): Dropout(p=0.1, inplace=False)
        )
      )
      (ff_linear1): Linear(in_features=64, out_features=128, bias=True)
      (ff_linear2): Linear(in_features=128, out_features=64, bias=True)
      (norm2): LayerNorm((64,), eps=1e-05, elementwise_affine=True)
      (ff_dropout1): Dropout(p=0.1, inplace=False)
      (ff_dropout2): Dropout(p=0.1, inplace=False)
    )
    (1): MultiLayer(
      dim_h=64, model_types=['Exphormer']
      (models): ModuleList(
        (0): GlobalModel(
          (self_attn): ExphormerAttention(
            (Q): Linear(in_features=64, out_features=64, bias=False)
            (K): Linear(in_features=64, out_features=64, bias=False)
            (E): Linear(in_features=64, out_features=64, bias=False)
            (V): Linear(in_features=64, out_features=64, bias=False)
            (V_gate): Linear(in_features=64, out_features=64, bias=False)
            (shared_rel_emb_table): Embedding(18, 64)
            (proj_q): Linear(in_features=64, out_features=64, bias=False)
            (proj_k): Linear(in_features=64, out_features=64, bias=False)
            (proj_e): Linear(in_features=64, out_features=64, bias=False)
            (proj_vg): Linear(in_features=64, out_features=64, bias=False)
          )
          (norm1_attn): LayerNorm((64,), eps=1e-05, elementwise_affine=True)
          (dropout_attn): Dropout(p=0.1, inplace=False)
        )
      )
      (ff_linear1): Linear(in_features=64, out_features=128, bias=True)
      (ff_linear2): Linear(in_features=128, out_features=64, bias=True)
      (norm2): LayerNorm((64,), eps=1e-05, elementwise_affine=True)
      (ff_dropout1): Dropout(p=0.1, inplace=False)
      (ff_dropout2): Dropout(p=0.1, inplace=False)
    )
    (2): MultiLayer(
      dim_h=64, model_types=['Exphormer']
      (models): ModuleList(
        (0): GlobalModel(
          (self_attn): ExphormerAttention(
            (Q): Linear(in_features=64, out_features=64, bias=False)
            (K): Linear(in_features=64, out_features=64, bias=False)
            (E): Linear(in_features=64, out_features=64, bias=False)
            (V): Linear(in_features=64, out_features=64, bias=False)
            (V_gate): Linear(in_features=64, out_features=64, bias=False)
            (shared_rel_emb_table): Embedding(18, 64)
            (proj_q): Linear(in_features=64, out_features=64, bias=False)
            (proj_k): Linear(in_features=64, out_features=64, bias=False)
            (proj_e): Linear(in_features=64, out_features=64, bias=False)
            (proj_vg): Linear(in_features=64, out_features=64, bias=False)
          )
          (norm1_attn): LayerNorm((64,), eps=1e-05, elementwise_affine=True)
          (dropout_attn): Dropout(p=0.1, inplace=False)
        )
      )
      (ff_linear1): Linear(in_features=64, out_features=128, bias=True)
      (ff_linear2): Linear(in_features=128, out_features=64, bias=True)
      (norm2): LayerNorm((64,), eps=1e-05, elementwise_affine=True)
      (ff_dropout1): Dropout(p=0.1, inplace=False)
      (ff_dropout2): Dropout(p=0.1, inplace=False)
    )
  )
  (post_mp): KGCHead(
    (rel_emb): Embedding(18, 64)
    (scorer): Linear(in_features=128, out_features=1, bias=True)
    (drop): Dropout(p=0.1, inplace=False)
  )
  (vrmpnn): VRMPNN(
    (init_proj): Linear(in_features=65, out_features=64, bias=True)
    (rel_emb): Embedding(19, 64)
    (update): ModuleList(
      (0-1): 2 x Linear(in_features=64, out_features=64, bias=True)
    )
    (norms): ModuleList(
      (0-1): 2 x LayerNorm((64,), eps=1e-05, elementwise_affine=True)
    )
    (beta): ParameterList(
        (0): Parameter containing: [torch.float32 of size 1 (cuda:0)]
        (1): Parameter containing: [torch.float32 of size 1 (cuda:0)]
    )
  )
)
2026-04-10 13:51:50,873 INFO Num parameters: 182,211
2026-04-10 13:51:50,873 INFO Starting from epoch 0
2026-04-10 13:52:12,842 INFO train: {'epoch': 0, 'time_epoch': 21.89219, 'loss': 7.97039458, 'lr': 0.0, 'params': 182211, 'time_iter': 0.01618, 'subgraph_hits@1': 9.239e-05}
2026-04-10 13:52:12,853 INFO eval_epoch_kgc [val]: 1260 queries on full graph (2746 nodes, eval_batch_size=32)
2026-04-10 13:52:13,053 INFO   eval_kgc [val]: 512/1260
2026-04-10 13:52:13,255 INFO   eval_kgc [val]: 1024/1260
2026-04-10 13:52:13,348 INFO   eval_kgc [val]: 1260/1260
2026-04-10 13:52:13,348 INFO val: {'epoch': 0, 'time_epoch': 0.4938, 'loss': 0.0, 'lr': 0.0, 'params': 182211, 'time_iter': 0.01235, 'mrr': 0.00996343, 'hits@1': 0.00714286, 'hits@3': 0.00714286, 'hits@10': 0.01031746}
2026-04-10 13:52:13,352 INFO eval_epoch_kgc [test]: 376 queries on full graph (922 nodes, eval_batch_size=32)
2026-04-10 13:52:13,427 INFO   eval_kgc [test]: 376/376
2026-04-10 13:52:13,428 INFO test: {'epoch': 0, 'time_epoch': 0.07528, 'loss': 0.0, 'lr': 0.0, 'params': 182211, 'time_iter': 0.00627, 'mrr': 0.0216409, 'hits@1': 0.01329787, 'hits@3': 0.01861702, 'hits@10': 0.02393617}
2026-04-10 13:52:13,440 INFO > Epoch 0: took 22.6s (avg 22.6s) | Best so far: epoch 0	train_loss: 7.9704 	val_loss: 0.0000 val_mrr: 0.0100	test_loss: 0.0000 test_mrr: 0.0216
2026-04-10 13:52:34,872 INFO train: {'epoch': 1, 'time_epoch': 21.35103, 'loss': 7.89382425, 'lr': 2e-06, 'params': 182211, 'time_iter': 0.01578, 'subgraph_hits@1': 0.00665188}
2026-04-10 13:52:34,883 INFO eval_epoch_kgc [val]: 1260 queries on full graph (2746 nodes, eval_batch_size=32)
2026-04-10 13:52:35,081 INFO   eval_kgc [val]: 512/1260
2026-04-10 13:52:35,282 INFO   eval_kgc [val]: 1024/1260
2026-04-10 13:52:35,375 INFO   eval_kgc [val]: 1260/1260
2026-04-10 13:52:35,376 INFO val: {'epoch': 1, 'time_epoch': 0.49146, 'loss': 0.0, 'lr': 0.0, 'params': 182211, 'time_iter': 0.01229, 'mrr': 0.02298758, 'hits@1': 0.00634921, 'hits@3': 0.01428571, 'hits@10': 0.06587302}
2026-04-10 13:52:35,379 INFO eval_epoch_kgc [test]: 376 queries on full graph (922 nodes, eval_batch_size=32)
2026-04-10 13:52:35,455 INFO   eval_kgc [test]: 376/376
2026-04-10 13:52:35,455 INFO test: {'epoch': 1, 'time_epoch': 0.07503, 'loss': 0.0, 'lr': 0.0, 'params': 182211, 'time_iter': 0.00625, 'mrr': 0.06501787, 'hits@1': 0.03723404, 'hits@3': 0.06648936, 'hits@10': 0.11170213}
2026-04-10 13:52:35,468 INFO > Epoch 1: took 22.0s (avg 22.3s) | Best so far: epoch 1	train_loss: 7.8938 	val_loss: 0.0000 val_mrr: 0.0230	test_loss: 0.0000 test_mrr: 0.0650
2026-04-10 13:52:56,804 INFO train: {'epoch': 2, 'time_epoch': 21.27934, 'loss': 7.73510134, 'lr': 4e-06, 'params': 182211, 'time_iter': 0.01573, 'subgraph_hits@1': 0.07603474}
2026-04-10 13:52:56,814 INFO eval_epoch_kgc [val]: 1260 queries on full graph (2746 nodes, eval_batch_size=32)
2026-04-10 13:52:57,012 INFO   eval_kgc [val]: 512/1260
2026-04-10 13:52:57,213 INFO   eval_kgc [val]: 1024/1260
2026-04-10 13:52:57,305 INFO   eval_kgc [val]: 1260/1260
2026-04-10 13:52:57,306 INFO val: {'epoch': 2, 'time_epoch': 0.49059, 'loss': 0.0, 'lr': 0.0, 'params': 182211, 'time_iter': 0.01226, 'mrr': 0.0211808, 'hits@1': 0.00634921, 'hits@3': 0.01587302, 'hits@10': 0.0484127}
2026-04-10 13:52:57,309 INFO eval_epoch_kgc [test]: 376 queries on full graph (922 nodes, eval_batch_size=32)
2026-04-10 13:52:57,384 INFO   eval_kgc [test]: 376/376
2026-04-10 13:52:57,385 INFO test: {'epoch': 2, 'time_epoch': 0.07452, 'loss': 0.0, 'lr': 0.0, 'params': 182211, 'time_iter': 0.00621, 'mrr': 0.05840243, 'hits@1': 0.03191489, 'hits@3': 0.06117021, 'hits@10': 0.08244681}
2026-04-10 13:52:57,385 INFO > Epoch 2: took 21.9s (avg 22.2s) | Best so far: epoch 1	train_loss: 7.8938 	val_loss: 0.0000 val_mrr: 0.0230	test_loss: 0.0000 test_mrr: 0.0650
2026-04-10 13:53:18,715 INFO train: {'epoch': 3, 'time_epoch': 21.27313, 'loss': 7.54770369, 'lr': 6e-06, 'params': 182211, 'time_iter': 0.01572, 'subgraph_hits@1': 0.08767553}
2026-04-10 13:53:18,729 INFO eval_epoch_kgc [val]: 1260 queries on full graph (2746 nodes, eval_batch_size=32)
2026-04-10 13:53:18,927 INFO   eval_kgc [val]: 512/1260
2026-04-10 13:53:19,128 INFO   eval_kgc [val]: 1024/1260
2026-04-10 13:53:19,221 INFO   eval_kgc [val]: 1260/1260
2026-04-10 13:53:19,222 INFO val: {'epoch': 3, 'time_epoch': 0.49148, 'loss': 0.0, 'lr': 0.0, 'params': 182211, 'time_iter': 0.01229, 'mrr': 0.02428542, 'hits@1': 0.00714286, 'hits@3': 0.02777778, 'hits@10': 0.0452381}
2026-04-10 13:53:19,225 INFO eval_epoch_kgc [test]: 376 queries on full graph (922 nodes, eval_batch_size=32)
2026-04-10 13:53:19,300 INFO   eval_kgc [test]: 376/376
2026-04-10 13:53:19,300 INFO test: {'epoch': 3, 'time_epoch': 0.0746, 'loss': 0.0, 'lr': 0.0, 'params': 182211, 'time_iter': 0.00622, 'mrr': 0.06073833, 'hits@1': 0.03191489, 'hits@3': 0.05585106, 'hits@10': 0.10106383}
2026-04-10 13:53:19,301 INFO > Epoch 3: took 21.9s (avg 22.1s) | Best so far: epoch 1	train_loss: 7.8938 	val_loss: 0.0000 val_mrr: 0.0230	test_loss: 0.0000 test_mrr: 0.0650
2026-04-10 13:53:40,684 INFO train: {'epoch': 4, 'time_epoch': 21.3208, 'loss': 7.39576907, 'lr': 8e-06, 'params': 182211, 'time_iter': 0.01576, 'subgraph_hits@1': 0.08869179}
2026-04-10 13:53:40,695 INFO eval_epoch_kgc [val]: 1260 queries on full graph (2746 nodes, eval_batch_size=32)
2026-04-10 13:53:40,893 INFO   eval_kgc [val]: 512/1260
2026-04-10 13:53:41,094 INFO   eval_kgc [val]: 1024/1260
2026-04-10 13:53:41,187 INFO   eval_kgc [val]: 1260/1260
2026-04-10 13:53:41,187 INFO val: {'epoch': 4, 'time_epoch': 0.49121, 'loss': 0.0, 'lr': 0.0, 'params': 182211, 'time_iter': 0.01228, 'mrr': 0.02675967, 'hits@1': 0.01190476, 'hits@3': 0.03095238, 'hits@10': 0.0452381}
2026-04-10 13:53:41,191 INFO eval_epoch_kgc [test]: 376 queries on full graph (922 nodes, eval_batch_size=32)
2026-04-10 13:53:41,266 INFO   eval_kgc [test]: 376/376
2026-04-10 13:53:41,266 INFO test: {'epoch': 4, 'time_epoch': 0.07509, 'loss': 0.0, 'lr': 0.0, 'params': 182211, 'time_iter': 0.00626, 'mrr': 0.064052, 'hits@1': 0.03723404, 'hits@3': 0.05585106, 'hits@10': 0.11702128}
2026-04-10 13:53:41,267 INFO > Epoch 4: took 22.0s (avg 22.1s) | Best so far: epoch 1	train_loss: 7.8938 	val_loss: 0.0000 val_mrr: 0.0230	test_loss: 0.0000 test_mrr: 0.0650
2026-04-10 13:54:02,652 INFO train: {'epoch': 5, 'time_epoch': 21.32391, 'loss': 7.25619929, 'lr': 1e-05, 'params': 182211, 'time_iter': 0.01576, 'subgraph_hits@1': 0.09312639}
2026-04-10 13:54:02,663 INFO eval_epoch_kgc [val]: 1260 queries on full graph (2746 nodes, eval_batch_size=32)
2026-04-10 13:54:02,861 INFO   eval_kgc [val]: 512/1260
2026-04-10 13:54:03,062 INFO   eval_kgc [val]: 1024/1260
2026-04-10 13:54:03,155 INFO   eval_kgc [val]: 1260/1260
2026-04-10 13:54:03,156 INFO val: {'epoch': 5, 'time_epoch': 0.49187, 'loss': 0.0, 'lr': 0.0, 'params': 182211, 'time_iter': 0.0123, 'mrr': 0.04472339, 'hits@1': 0.02619048, 'hits@3': 0.04285714, 'hits@10': 0.07857143}
2026-04-10 13:54:03,159 INFO eval_epoch_kgc [test]: 376 queries on full graph (922 nodes, eval_batch_size=32)
2026-04-10 13:54:03,235 INFO   eval_kgc [test]: 376/376
2026-04-10 13:54:03,235 INFO test: {'epoch': 5, 'time_epoch': 0.07519, 'loss': 0.0, 'lr': 0.0, 'params': 182211, 'time_iter': 0.00627, 'mrr': 0.09297342, 'hits@1': 0.05319149, 'hits@3': 0.07978723, 'hits@10': 0.17287233}
2026-04-10 13:54:03,249 INFO > Epoch 5: took 22.0s (avg 22.1s) | Best so far: epoch 5	train_loss: 7.2562 	val_loss: 0.0000 val_mrr: 0.0447	test_loss: 0.0000 test_mrr: 0.0930
2026-04-10 13:54:24,592 INFO train: {'epoch': 6, 'time_epoch': 21.28602, 'loss': 7.04667201, 'lr': 9.99e-06, 'params': 182211, 'time_iter': 0.01573, 'subgraph_hits@1': 0.09830008}
2026-04-10 13:54:24,602 INFO eval_epoch_kgc [val]: 1260 queries on full graph (2746 nodes, eval_batch_size=32)
2026-04-10 13:54:24,800 INFO   eval_kgc [val]: 512/1260
2026-04-10 13:54:25,001 INFO   eval_kgc [val]: 1024/1260
2026-04-10 13:54:25,094 INFO   eval_kgc [val]: 1260/1260
2026-04-10 13:54:25,095 INFO val: {'epoch': 6, 'time_epoch': 0.49146, 'loss': 0.0, 'lr': 0.0, 'params': 182211, 'time_iter': 0.01229, 'mrr': 0.20147648, 'hits@1': 0.13492064, 'hits@3': 0.23412699, 'hits@10': 0.32063493}
2026-04-10 13:54:25,098 INFO eval_epoch_kgc [test]: 376 queries on full graph (922 nodes, eval_batch_size=32)
2026-04-10 13:54:25,173 INFO   eval_kgc [test]: 376/376
2026-04-10 13:54:25,173 INFO test: {'epoch': 6, 'time_epoch': 0.07458, 'loss': 0.0, 'lr': 0.0, 'params': 182211, 'time_iter': 0.00622, 'mrr': 0.27790782, 'hits@1': 0.17553191, 'hits@3': 0.31117022, 'hits@10': 0.49734041}
2026-04-10 13:54:25,186 INFO > Epoch 6: took 21.9s (avg 22.0s) | Best so far: epoch 6	train_loss: 7.0467 	val_loss: 0.0000 val_mrr: 0.2015	test_loss: 0.0000 test_mrr: 0.2779
2026-04-10 13:54:46,527 INFO train: {'epoch': 7, 'time_epoch': 21.28351, 'loss': 6.6216079, 'lr': 9.95e-06, 'params': 182211, 'time_iter': 0.01573, 'subgraph_hits@1': 0.11003326}
2026-04-10 13:54:46,537 INFO eval_epoch_kgc [val]: 1260 queries on full graph (2746 nodes, eval_batch_size=32)
2026-04-10 13:54:46,735 INFO   eval_kgc [val]: 512/1260
2026-04-10 13:54:46,936 INFO   eval_kgc [val]: 1024/1260
2026-04-10 13:54:47,028 INFO   eval_kgc [val]: 1260/1260
2026-04-10 13:54:47,029 INFO val: {'epoch': 7, 'time_epoch': 0.49083, 'loss': 0.0, 'lr': 0.0, 'params': 182211, 'time_iter': 0.01227, 'mrr': 0.31987813, 'hits@1': 0.22857143, 'hits@3': 0.38174602, 'hits@10': 0.47698411}
2026-04-10 13:54:47,032 INFO eval_epoch_kgc [test]: 376 queries on full graph (922 nodes, eval_batch_size=32)
2026-04-10 13:54:47,107 INFO   eval_kgc [test]: 376/376
2026-04-10 13:54:47,107 INFO test: {'epoch': 7, 'time_epoch': 0.07461, 'loss': 0.0, 'lr': 0.0, 'params': 182211, 'time_iter': 0.00622, 'mrr': 0.43671584, 'hits@1': 0.30585107, 'hits@3': 0.52925533, 'hits@10': 0.66755319}
2026-04-10 13:54:47,120 INFO > Epoch 7: took 21.9s (avg 22.0s) | Best so far: epoch 7	train_loss: 6.6216 	val_loss: 0.0000 val_mrr: 0.3199	test_loss: 0.0000 test_mrr: 0.4367
2026-04-10 13:55:08,498 INFO train: {'epoch': 8, 'time_epoch': 21.28813, 'loss': 6.15999453, 'lr': 9.89e-06, 'params': 182211, 'time_iter': 0.01573, 'subgraph_hits@1': 0.12232077}
2026-04-10 13:55:08,509 INFO eval_epoch_kgc [val]: 1260 queries on full graph (2746 nodes, eval_batch_size=32)
2026-04-10 13:55:08,707 INFO   eval_kgc [val]: 512/1260
2026-04-10 13:55:08,908 INFO   eval_kgc [val]: 1024/1260
2026-04-10 13:55:09,001 INFO   eval_kgc [val]: 1260/1260
2026-04-10 13:55:09,002 INFO val: {'epoch': 8, 'time_epoch': 0.49178, 'loss': 0.0, 'lr': 0.0, 'params': 182211, 'time_iter': 0.01229, 'mrr': 0.33975509, 'hits@1': 0.24126984, 'hits@3': 0.41428572, 'hits@10': 0.50634921}
2026-04-10 13:55:09,005 INFO eval_epoch_kgc [test]: 376 queries on full graph (922 nodes, eval_batch_size=32)
2026-04-10 13:55:09,080 INFO   eval_kgc [test]: 376/376
2026-04-10 13:55:09,081 INFO test: {'epoch': 8, 'time_epoch': 0.07493, 'loss': 0.0, 'lr': 0.0, 'params': 182211, 'time_iter': 0.00624, 'mrr': 0.45257714, 'hits@1': 0.30053192, 'hits@3': 0.57446808, 'hits@10': 0.71542555}
2026-04-10 13:55:09,094 INFO > Epoch 8: took 22.0s (avg 22.0s) | Best so far: epoch 8	train_loss: 6.1600 	val_loss: 0.0000 val_mrr: 0.3398	test_loss: 0.0000 test_mrr: 0.4526
2026-04-10 13:55:30,430 INFO train: {'epoch': 9, 'time_epoch': 21.27931, 'loss': 5.95019597, 'lr': 9.81e-06, 'params': 182211, 'time_iter': 0.01573, 'subgraph_hits@1': 0.12878788}
2026-04-10 13:55:30,441 INFO eval_epoch_kgc [val]: 1260 queries on full graph (2746 nodes, eval_batch_size=32)
2026-04-10 13:55:30,639 INFO   eval_kgc [val]: 512/1260
2026-04-10 13:55:30,840 INFO   eval_kgc [val]: 1024/1260
2026-04-10 13:55:30,933 INFO   eval_kgc [val]: 1260/1260
2026-04-10 13:55:30,933 INFO val: {'epoch': 9, 'time_epoch': 0.49116, 'loss': 0.0, 'lr': 0.0, 'params': 182211, 'time_iter': 0.01228, 'mrr': 0.3455576, 'hits@1': 0.24444444, 'hits@3': 0.42936507, 'hits@10': 0.51428574}
2026-04-10 13:55:30,937 INFO eval_epoch_kgc [test]: 376 queries on full graph (922 nodes, eval_batch_size=32)
2026-04-10 13:55:31,012 INFO   eval_kgc [test]: 376/376
2026-04-10 13:55:31,012 INFO test: {'epoch': 9, 'time_epoch': 0.07471, 'loss': 0.0, 'lr': 0.0, 'params': 182211, 'time_iter': 0.00623, 'mrr': 0.4543328, 'hits@1': 0.30053192, 'hits@3': 0.58510637, 'hits@10': 0.73670214}
2026-04-10 13:55:31,025 INFO > Epoch 9: took 21.9s (avg 22.0s) | Best so far: epoch 9	train_loss: 5.9502 	val_loss: 0.0000 val_mrr: 0.3456	test_loss: 0.0000 test_mrr: 0.4543
2026-04-10 13:55:52,410 INFO train: {'epoch': 10, 'time_epoch': 21.30742, 'loss': 5.85522713, 'lr': 9.7e-06, 'params': 182211, 'time_iter': 0.01575, 'subgraph_hits@1': 0.13423873}
2026-04-10 13:55:52,420 INFO eval_epoch_kgc [val]: 1260 queries on full graph (2746 nodes, eval_batch_size=32)
2026-04-10 13:55:52,618 INFO   eval_kgc [val]: 512/1260
2026-04-10 13:55:52,819 INFO   eval_kgc [val]: 1024/1260
2026-04-10 13:55:52,912 INFO   eval_kgc [val]: 1260/1260
2026-04-10 13:55:52,912 INFO val: {'epoch': 10, 'time_epoch': 0.49073, 'loss': 0.0, 'lr': 0.0, 'params': 182211, 'time_iter': 0.01227, 'mrr': 0.34873495, 'hits@1': 0.2452381, 'hits@3': 0.42857143, 'hits@10': 0.51825398}
2026-04-10 13:55:52,916 INFO eval_epoch_kgc [test]: 376 queries on full graph (922 nodes, eval_batch_size=32)
2026-04-10 13:55:52,991 INFO   eval_kgc [test]: 376/376
2026-04-10 13:55:52,991 INFO test: {'epoch': 10, 'time_epoch': 0.07517, 'loss': 0.0, 'lr': 0.0, 'params': 182211, 'time_iter': 0.00626, 'mrr': 0.4635956, 'hits@1': 0.31648937, 'hits@3': 0.57180852, 'hits@10': 0.73138297}
2026-04-10 13:55:53,004 INFO > Epoch 10: took 22.0s (avg 22.0s) | Best so far: epoch 10	train_loss: 5.8552 	val_loss: 0.0000 val_mrr: 0.3487	test_loss: 0.0000 test_mrr: 0.4636
2026-04-10 13:56:14,336 INFO train: {'epoch': 11, 'time_epoch': 21.27457, 'loss': 5.78758221, 'lr': 9.57e-06, 'params': 182211, 'time_iter': 0.01572, 'subgraph_hits@1': 0.13950481}
2026-04-10 13:56:14,346 INFO eval_epoch_kgc [val]: 1260 queries on full graph (2746 nodes, eval_batch_size=32)
2026-04-10 13:56:14,543 INFO   eval_kgc [val]: 512/1260
2026-04-10 13:56:14,744 INFO   eval_kgc [val]: 1024/1260
2026-04-10 13:56:14,837 INFO   eval_kgc [val]: 1260/1260
2026-04-10 13:56:14,838 INFO val: {'epoch': 11, 'time_epoch': 0.49063, 'loss': 0.0, 'lr': 0.0, 'params': 182211, 'time_iter': 0.01227, 'mrr': 0.35294929, 'hits@1': 0.24761905, 'hits@3': 0.43492064, 'hits@10': 0.52301586}
2026-04-10 13:56:14,841 INFO eval_epoch_kgc [test]: 376 queries on full graph (922 nodes, eval_batch_size=32)
2026-04-10 13:56:14,916 INFO   eval_kgc [test]: 376/376
2026-04-10 13:56:14,916 INFO test: {'epoch': 11, 'time_epoch': 0.07454, 'loss': 0.0, 'lr': 0.0, 'params': 182211, 'time_iter': 0.00621, 'mrr': 0.46731907, 'hits@1': 0.32180852, 'hits@3': 0.57446808, 'hits@10': 0.73670214}
2026-04-10 13:56:14,929 INFO > Epoch 11: took 21.9s (avg 22.0s) | Best so far: epoch 11	train_loss: 5.7876 	val_loss: 0.0000 val_mrr: 0.3529	test_loss: 0.0000 test_mrr: 0.4673
2026-04-10 13:56:36,244 INFO train: {'epoch': 12, 'time_epoch': 21.25848, 'loss': 5.74047687, 'lr': 9.41e-06, 'params': 182211, 'time_iter': 0.01571, 'subgraph_hits@1': 0.13802661}
2026-04-10 13:56:36,254 INFO eval_epoch_kgc [val]: 1260 queries on full graph (2746 nodes, eval_batch_size=32)
2026-04-10 13:56:36,452 INFO   eval_kgc [val]: 512/1260
2026-04-10 13:56:36,653 INFO   eval_kgc [val]: 1024/1260
2026-04-10 13:56:36,746 INFO   eval_kgc [val]: 1260/1260
2026-04-10 13:56:36,746 INFO val: {'epoch': 12, 'time_epoch': 0.49072, 'loss': 0.0, 'lr': 0.0, 'params': 182211, 'time_iter': 0.01227, 'mrr': 0.35566068, 'hits@1': 0.24920635, 'hits@3': 0.43809524, 'hits@10': 0.53174603}
2026-04-10 13:56:36,749 INFO eval_epoch_kgc [test]: 376 queries on full graph (922 nodes, eval_batch_size=32)
2026-04-10 13:56:36,827 INFO   eval_kgc [test]: 376/376
2026-04-10 13:56:36,827 INFO test: {'epoch': 12, 'time_epoch': 0.07723, 'loss': 0.0, 'lr': 0.0, 'params': 182211, 'time_iter': 0.00644, 'mrr': 0.46660143, 'hits@1': 0.31914893, 'hits@3': 0.57180852, 'hits@10': 0.72872341}
2026-04-10 13:56:36,828 INFO > Epoch 12: took 21.9s (avg 22.0s) | Best so far: epoch 11	train_loss: 5.7876 	val_loss: 0.0000 val_mrr: 0.3529	test_loss: 0.0000 test_mrr: 0.4673
2026-04-10 13:56:58,144 INFO train: {'epoch': 13, 'time_epoch': 21.25992, 'loss': 5.68344769, 'lr': 9.24e-06, 'params': 182211, 'time_iter': 0.01571, 'subgraph_hits@1': 0.14495565}
2026-04-10 13:56:58,154 INFO eval_epoch_kgc [val]: 1260 queries on full graph (2746 nodes, eval_batch_size=32)
2026-04-10 13:56:58,352 INFO   eval_kgc [val]: 512/1260
2026-04-10 13:56:58,553 INFO   eval_kgc [val]: 1024/1260
2026-04-10 13:56:58,646 INFO   eval_kgc [val]: 1260/1260
2026-04-10 13:56:58,647 INFO val: {'epoch': 13, 'time_epoch': 0.49093, 'loss': 0.0, 'lr': 0.0, 'params': 182211, 'time_iter': 0.01227, 'mrr': 0.35084683, 'hits@1': 0.24206349, 'hits@3': 0.43333334, 'hits@10': 0.53492063}
2026-04-10 13:56:58,650 INFO eval_epoch_kgc [test]: 376 queries on full graph (922 nodes, eval_batch_size=32)
2026-04-10 13:56:58,725 INFO   eval_kgc [test]: 376/376
2026-04-10 13:56:58,725 INFO test: {'epoch': 13, 'time_epoch': 0.07456, 'loss': 0.0, 'lr': 0.0, 'params': 182211, 'time_iter': 0.00621, 'mrr': 0.46020141, 'hits@1': 0.31382978, 'hits@3': 0.55851066, 'hits@10': 0.72872341}
2026-04-10 13:56:58,725 INFO > Epoch 13: took 21.9s (avg 22.0s) | Best so far: epoch 11	train_loss: 5.7876 	val_loss: 0.0000 val_mrr: 0.3529	test_loss: 0.0000 test_mrr: 0.4673
2026-04-10 13:57:20,052 INFO train: {'epoch': 14, 'time_epoch': 21.27005, 'loss': 5.63992705, 'lr': 9.05e-06, 'params': 182211, 'time_iter': 0.01572, 'subgraph_hits@1': 0.1474501}
2026-04-10 13:57:20,062 INFO eval_epoch_kgc [val]: 1260 queries on full graph (2746 nodes, eval_batch_size=32)
2026-04-10 13:57:20,260 INFO   eval_kgc [val]: 512/1260
2026-04-10 13:57:20,461 INFO   eval_kgc [val]: 1024/1260
2026-04-10 13:57:20,554 INFO   eval_kgc [val]: 1260/1260
2026-04-10 13:57:20,554 INFO val: {'epoch': 14, 'time_epoch': 0.49048, 'loss': 0.0, 'lr': 0.0, 'params': 182211, 'time_iter': 0.01226, 'mrr': 0.34957129, 'hits@1': 0.23730159, 'hits@3': 0.43571427, 'hits@10': 0.53888887}
2026-04-10 13:57:20,557 INFO eval_epoch_kgc [test]: 376 queries on full graph (922 nodes, eval_batch_size=32)
2026-04-10 13:57:20,632 INFO   eval_kgc [test]: 376/376
2026-04-10 13:57:20,633 INFO test: {'epoch': 14, 'time_epoch': 0.07456, 'loss': 0.0, 'lr': 0.0, 'params': 182211, 'time_iter': 0.00621, 'mrr': 0.45203987, 'hits@1': 0.30053192, 'hits@3': 0.55585104, 'hits@10': 0.7393617}
2026-04-10 13:57:20,633 INFO > Epoch 14: took 21.9s (avg 22.0s) | Best so far: epoch 11	train_loss: 5.7876 	val_loss: 0.0000 val_mrr: 0.3529	test_loss: 0.0000 test_mrr: 0.4673
2026-04-10 13:57:41,961 INFO train: {'epoch': 15, 'time_epoch': 21.27102, 'loss': 5.60458865, 'lr': 8.83e-06, 'params': 182211, 'time_iter': 0.01572, 'subgraph_hits@1': 0.15142277}
2026-04-10 13:57:41,971 INFO eval_epoch_kgc [val]: 1260 queries on full graph (2746 nodes, eval_batch_size=32)
2026-04-10 13:57:42,169 INFO   eval_kgc [val]: 512/1260
2026-04-10 13:57:42,370 INFO   eval_kgc [val]: 1024/1260
2026-04-10 13:57:42,463 INFO   eval_kgc [val]: 1260/1260
2026-04-10 13:57:42,463 INFO val: {'epoch': 15, 'time_epoch': 0.49074, 'loss': 0.0, 'lr': 0.0, 'params': 182211, 'time_iter': 0.01227, 'mrr': 0.35088968, 'hits@1': 0.23888889, 'hits@3': 0.43412697, 'hits@10': 0.54603177}
2026-04-10 13:57:42,467 INFO eval_epoch_kgc [test]: 376 queries on full graph (922 nodes, eval_batch_size=32)
2026-04-10 13:57:42,542 INFO   eval_kgc [test]: 376/376
2026-04-10 13:57:42,542 INFO test: {'epoch': 15, 'time_epoch': 0.07453, 'loss': 0.0, 'lr': 0.0, 'params': 182211, 'time_iter': 0.00621, 'mrr': 0.45276517, 'hits@1': 0.30585107, 'hits@3': 0.54255319, 'hits@10': 0.7393617}
2026-04-10 13:57:42,542 INFO > Epoch 15: took 21.9s (avg 22.0s) | Best so far: epoch 11	train_loss: 5.7876 	val_loss: 0.0000 val_mrr: 0.3529	test_loss: 0.0000 test_mrr: 0.4673
2026-04-10 13:58:03,919 INFO train: {'epoch': 16, 'time_epoch': 21.28862, 'loss': 5.5614094, 'lr': 8.6e-06, 'params': 182211, 'time_iter': 0.01573, 'subgraph_hits@1': 0.15825942}
2026-04-10 13:58:03,929 INFO eval_epoch_kgc [val]: 1260 queries on full graph (2746 nodes, eval_batch_size=32)
2026-04-10 13:58:04,127 INFO   eval_kgc [val]: 512/1260
2026-04-10 13:58:04,328 INFO   eval_kgc [val]: 1024/1260
2026-04-10 13:58:04,421 INFO   eval_kgc [val]: 1260/1260
2026-04-10 13:58:04,422 INFO val: {'epoch': 16, 'time_epoch': 0.49108, 'loss': 0.0, 'lr': 0.0, 'params': 182211, 'time_iter': 0.01228, 'mrr': 0.34583977, 'hits@1': 0.22857143, 'hits@3': 0.43333334, 'hits@10': 0.55079365}
2026-04-10 13:58:04,425 INFO eval_epoch_kgc [test]: 376 queries on full graph (922 nodes, eval_batch_size=32)
2026-04-10 13:58:04,500 INFO   eval_kgc [test]: 376/376
2026-04-10 13:58:04,501 INFO test: {'epoch': 16, 'time_epoch': 0.07488, 'loss': 0.0, 'lr': 0.0, 'params': 182211, 'time_iter': 0.00624, 'mrr': 0.44774789, 'hits@1': 0.30053192, 'hits@3': 0.53989363, 'hits@10': 0.75}
2026-04-10 13:58:04,501 INFO > Epoch 16: took 22.0s (avg 22.0s) | Best so far: epoch 11	train_loss: 5.7876 	val_loss: 0.0000 val_mrr: 0.3529	test_loss: 0.0000 test_mrr: 0.4673
2026-04-10 13:58:25,811 INFO train: {'epoch': 17, 'time_epoch': 21.25263, 'loss': 5.53800088, 'lr': 8.35e-06, 'params': 182211, 'time_iter': 0.01571, 'subgraph_hits@1': 0.15779749}
2026-04-10 13:58:25,821 INFO eval_epoch_kgc [val]: 1260 queries on full graph (2746 nodes, eval_batch_size=32)
2026-04-10 13:58:26,018 INFO   eval_kgc [val]: 512/1260
2026-04-10 13:58:26,219 INFO   eval_kgc [val]: 1024/1260
2026-04-10 13:58:26,312 INFO   eval_kgc [val]: 1260/1260
2026-04-10 13:58:26,313 INFO val: {'epoch': 17, 'time_epoch': 0.49058, 'loss': 0.0, 'lr': 0.0, 'params': 182211, 'time_iter': 0.01226, 'mrr': 0.34544149, 'hits@1': 0.22619048, 'hits@3': 0.43492064, 'hits@10': 0.55714285}
2026-04-10 13:58:26,316 INFO eval_epoch_kgc [test]: 376 queries on full graph (922 nodes, eval_batch_size=32)
2026-04-10 13:58:26,391 INFO   eval_kgc [test]: 376/376
2026-04-10 13:58:26,391 INFO test: {'epoch': 17, 'time_epoch': 0.07449, 'loss': 0.0, 'lr': 0.0, 'params': 182211, 'time_iter': 0.00621, 'mrr': 0.44545126, 'hits@1': 0.29787233, 'hits@3': 0.53989363, 'hits@10': 0.75531918}
2026-04-10 13:58:26,391 INFO > Epoch 17: took 21.9s (avg 22.0s) | Best so far: epoch 11	train_loss: 5.7876 	val_loss: 0.0000 val_mrr: 0.3529	test_loss: 0.0000 test_mrr: 0.4673
2026-04-10 13:58:47,713 INFO train: {'epoch': 18, 'time_epoch': 21.26436, 'loss': 5.50263607, 'lr': 8.08e-06, 'params': 182211, 'time_iter': 0.01572, 'subgraph_hits@1': 0.16093865}
2026-04-10 13:58:47,723 INFO eval_epoch_kgc [val]: 1260 queries on full graph (2746 nodes, eval_batch_size=32)
2026-04-10 13:58:47,921 INFO   eval_kgc [val]: 512/1260
2026-04-10 13:58:48,122 INFO   eval_kgc [val]: 1024/1260
2026-04-10 13:58:48,214 INFO   eval_kgc [val]: 1260/1260
2026-04-10 13:58:48,215 INFO val: {'epoch': 18, 'time_epoch': 0.49051, 'loss': 0.0, 'lr': 0.0, 'params': 182211, 'time_iter': 0.01226, 'mrr': 0.34613836, 'hits@1': 0.22619048, 'hits@3': 0.43412697, 'hits@10': 0.56111109}
2026-04-10 13:58:48,218 INFO eval_epoch_kgc [test]: 376 queries on full graph (922 nodes, eval_batch_size=32)
2026-04-10 13:58:48,293 INFO   eval_kgc [test]: 376/376
2026-04-10 13:58:48,294 INFO test: {'epoch': 18, 'time_epoch': 0.07455, 'loss': 0.0, 'lr': 0.0, 'params': 182211, 'time_iter': 0.00621, 'mrr': 0.44753355, 'hits@1': 0.30053192, 'hits@3': 0.53723407, 'hits@10': 0.75531918}
2026-04-10 13:58:48,294 INFO > Epoch 18: took 21.9s (avg 22.0s) | Best so far: epoch 11	train_loss: 5.7876 	val_loss: 0.0000 val_mrr: 0.3529	test_loss: 0.0000 test_mrr: 0.4673
2026-04-10 13:59:09,654 INFO train: {'epoch': 19, 'time_epoch': 21.28001, 'loss': 5.4672687, 'lr': 7.8e-06, 'params': 182211, 'time_iter': 0.01573, 'subgraph_hits@1': 0.16140059}
2026-04-10 13:59:09,664 INFO eval_epoch_kgc [val]: 1260 queries on full graph (2746 nodes, eval_batch_size=32)
2026-04-10 13:59:09,863 INFO   eval_kgc [val]: 512/1260
2026-04-10 13:59:10,063 INFO   eval_kgc [val]: 1024/1260
2026-04-10 13:59:10,156 INFO   eval_kgc [val]: 1260/1260
2026-04-10 13:59:10,157 INFO val: {'epoch': 19, 'time_epoch': 0.49091, 'loss': 0.0, 'lr': 0.0, 'params': 182211, 'time_iter': 0.01227, 'mrr': 0.34074676, 'hits@1': 0.21587302, 'hits@3': 0.43095237, 'hits@10': 0.56349206}
2026-04-10 13:59:10,160 INFO eval_epoch_kgc [test]: 376 queries on full graph (922 nodes, eval_batch_size=32)
2026-04-10 13:59:10,235 INFO   eval_kgc [test]: 376/376
2026-04-10 13:59:10,236 INFO test: {'epoch': 19, 'time_epoch': 0.07502, 'loss': 0.0, 'lr': 0.0, 'params': 182211, 'time_iter': 0.00625, 'mrr': 0.43938455, 'hits@1': 0.28723404, 'hits@3': 0.53191489, 'hits@10': 0.75531918}
2026-04-10 13:59:10,236 INFO > Epoch 19: took 21.9s (avg 22.0s) | Best so far: epoch 11	train_loss: 5.7876 	val_loss: 0.0000 val_mrr: 0.3529	test_loss: 0.0000 test_mrr: 0.4673
2026-04-10 13:59:31,566 INFO train: {'epoch': 20, 'time_epoch': 21.273, 'loss': 5.44156211, 'lr': 7.5e-06, 'params': 182211, 'time_iter': 0.01572, 'subgraph_hits@1': 0.16777532}
2026-04-10 13:59:31,576 INFO eval_epoch_kgc [val]: 1260 queries on full graph (2746 nodes, eval_batch_size=32)
2026-04-10 13:59:31,774 INFO   eval_kgc [val]: 512/1260
2026-04-10 13:59:31,975 INFO   eval_kgc [val]: 1024/1260
2026-04-10 13:59:32,068 INFO   eval_kgc [val]: 1260/1260
2026-04-10 13:59:32,068 INFO val: {'epoch': 20, 'time_epoch': 0.49073, 'loss': 0.0, 'lr': 0.0, 'params': 182211, 'time_iter': 0.01227, 'mrr': 0.3405498, 'hits@1': 0.21349207, 'hits@3': 0.43492064, 'hits@10': 0.5642857}
2026-04-10 13:59:32,072 INFO eval_epoch_kgc [test]: 376 queries on full graph (922 nodes, eval_batch_size=32)
2026-04-10 13:59:32,146 INFO   eval_kgc [test]: 376/376
2026-04-10 13:59:32,147 INFO test: {'epoch': 20, 'time_epoch': 0.07446, 'loss': 0.0, 'lr': 0.0, 'params': 182211, 'time_iter': 0.00621, 'mrr': 0.42933378, 'hits@1': 0.27393618, 'hits@3': 0.52127659, 'hits@10': 0.75265956}
2026-04-10 13:59:32,147 INFO > Epoch 20: took 21.9s (avg 22.0s) | Best so far: epoch 11	train_loss: 5.7876 	val_loss: 0.0000 val_mrr: 0.3529	test_loss: 0.0000 test_mrr: 0.4673
2026-04-10 13:59:53,486 INFO train: {'epoch': 21, 'time_epoch': 21.28224, 'loss': 5.42948935, 'lr': 7.19e-06, 'params': 182211, 'time_iter': 0.01573, 'subgraph_hits@1': 0.16491131}
2026-04-10 13:59:53,496 INFO eval_epoch_kgc [val]: 1260 queries on full graph (2746 nodes, eval_batch_size=32)
2026-04-10 13:59:53,694 INFO   eval_kgc [val]: 512/1260
2026-04-10 13:59:53,895 INFO   eval_kgc [val]: 1024/1260
2026-04-10 13:59:53,988 INFO   eval_kgc [val]: 1260/1260
2026-04-10 13:59:53,988 INFO val: {'epoch': 21, 'time_epoch': 0.49068, 'loss': 0.0, 'lr': 0.0, 'params': 182211, 'time_iter': 0.01227, 'mrr': 0.34253249, 'hits@1': 0.21587302, 'hits@3': 0.43253967, 'hits@10': 0.5674603}
2026-04-10 13:59:53,992 INFO eval_epoch_kgc [test]: 376 queries on full graph (922 nodes, eval_batch_size=32)
2026-04-10 13:59:54,066 INFO   eval_kgc [test]: 376/376
2026-04-10 13:59:54,067 INFO test: {'epoch': 21, 'time_epoch': 0.07458, 'loss': 0.0, 'lr': 0.0, 'params': 182211, 'time_iter': 0.00621, 'mrr': 0.42777026, 'hits@1': 0.27127659, 'hits@3': 0.51861703, 'hits@10': 0.75797874}
2026-04-10 13:59:54,067 INFO > Epoch 21: took 21.9s (avg 22.0s) | Best so far: epoch 11	train_loss: 5.7876 	val_loss: 0.0000 val_mrr: 0.3529	test_loss: 0.0000 test_mrr: 0.4673
2026-04-10 14:00:15,406 INFO train: {'epoch': 22, 'time_epoch': 21.28168, 'loss': 5.39224098, 'lr': 6.87e-06, 'params': 182211, 'time_iter': 0.01573, 'subgraph_hits@1': 0.17026977}
2026-04-10 14:00:15,416 INFO eval_epoch_kgc [val]: 1260 queries on full graph (2746 nodes, eval_batch_size=32)
2026-04-10 14:00:15,613 INFO   eval_kgc [val]: 512/1260
2026-04-10 14:00:15,814 INFO   eval_kgc [val]: 1024/1260
2026-04-10 14:00:15,907 INFO   eval_kgc [val]: 1260/1260
2026-04-10 14:00:15,907 INFO val: {'epoch': 22, 'time_epoch': 0.49041, 'loss': 0.0, 'lr': 0.0, 'params': 182211, 'time_iter': 0.01226, 'mrr': 0.33887196, 'hits@1': 0.21031746, 'hits@3': 0.42857143, 'hits@10': 0.56587303}
2026-04-10 14:00:15,911 INFO eval_epoch_kgc [test]: 376 queries on full graph (922 nodes, eval_batch_size=32)
2026-04-10 14:00:15,985 INFO   eval_kgc [test]: 376/376
2026-04-10 14:00:15,986 INFO test: {'epoch': 22, 'time_epoch': 0.07449, 'loss': 0.0, 'lr': 0.0, 'params': 182211, 'time_iter': 0.00621, 'mrr': 0.42443633, 'hits@1': 0.26861703, 'hits@3': 0.51329786, 'hits@10': 0.75531918}
2026-04-10 14:00:15,986 INFO > Epoch 22: took 21.9s (avg 22.0s) | Best so far: epoch 11	train_loss: 5.7876 	val_loss: 0.0000 val_mrr: 0.3529	test_loss: 0.0000 test_mrr: 0.4673
2026-04-10 14:00:37,313 INFO train: {'epoch': 23, 'time_epoch': 21.26942, 'loss': 5.38455987, 'lr': 6.55e-06, 'params': 182211, 'time_iter': 0.01572, 'subgraph_hits@1': 0.17285661}
2026-04-10 14:00:37,323 INFO eval_epoch_kgc [val]: 1260 queries on full graph (2746 nodes, eval_batch_size=32)
2026-04-10 14:00:37,520 INFO   eval_kgc [val]: 512/1260
2026-04-10 14:00:37,721 INFO   eval_kgc [val]: 1024/1260
2026-04-10 14:00:37,814 INFO   eval_kgc [val]: 1260/1260
2026-04-10 14:00:37,814 INFO val: {'epoch': 23, 'time_epoch': 0.49045, 'loss': 0.0, 'lr': 0.0, 'params': 182211, 'time_iter': 0.01226, 'mrr': 0.34038714, 'hits@1': 0.21190476, 'hits@3': 0.42936507, 'hits@10': 0.56349206}
2026-04-10 14:00:37,818 INFO eval_epoch_kgc [test]: 376 queries on full graph (922 nodes, eval_batch_size=32)
2026-04-10 14:00:37,892 INFO   eval_kgc [test]: 376/376
2026-04-10 14:00:37,893 INFO test: {'epoch': 23, 'time_epoch': 0.07451, 'loss': 0.0, 'lr': 0.0, 'params': 182211, 'time_iter': 0.00621, 'mrr': 0.42206335, 'hits@1': 0.26861703, 'hits@3': 0.5106383, 'hits@10': 0.75531918}
2026-04-10 14:00:37,893 INFO > Epoch 23: took 21.9s (avg 22.0s) | Best so far: epoch 11	train_loss: 5.7876 	val_loss: 0.0000 val_mrr: 0.3529	test_loss: 0.0000 test_mrr: 0.4673
2026-04-10 14:00:59,222 INFO train: {'epoch': 24, 'time_epoch': 21.27238, 'loss': 5.36669901, 'lr': 6.21e-06, 'params': 182211, 'time_iter': 0.01572, 'subgraph_hits@1': 0.17535107}
2026-04-10 14:00:59,232 INFO eval_epoch_kgc [val]: 1260 queries on full graph (2746 nodes, eval_batch_size=32)
2026-04-10 14:00:59,430 INFO   eval_kgc [val]: 512/1260
2026-04-10 14:00:59,631 INFO   eval_kgc [val]: 1024/1260
2026-04-10 14:00:59,724 INFO   eval_kgc [val]: 1260/1260
2026-04-10 14:00:59,724 INFO val: {'epoch': 24, 'time_epoch': 0.49046, 'loss': 0.0, 'lr': 0.0, 'params': 182211, 'time_iter': 0.01226, 'mrr': 0.34101468, 'hits@1': 0.21190476, 'hits@3': 0.43015873, 'hits@10': 0.56904763}
2026-04-10 14:00:59,727 INFO eval_epoch_kgc [test]: 376 queries on full graph (922 nodes, eval_batch_size=32)
2026-04-10 14:00:59,802 INFO   eval_kgc [test]: 376/376
2026-04-10 14:00:59,803 INFO test: {'epoch': 24, 'time_epoch': 0.07455, 'loss': 0.0, 'lr': 0.0, 'params': 182211, 'time_iter': 0.00621, 'mrr': 0.41481513, 'hits@1': 0.25797874, 'hits@3': 0.50531918, 'hits@10': 0.75265956}
2026-04-10 14:00:59,803 INFO > Epoch 24: took 21.9s (avg 22.0s) | Best so far: epoch 11	train_loss: 5.7876 	val_loss: 0.0000 val_mrr: 0.3529	test_loss: 0.0000 test_mrr: 0.4673
2026-04-10 14:01:21,133 INFO train: {'epoch': 25, 'time_epoch': 21.2735, 'loss': 5.3471726, 'lr': 5.87e-06, 'params': 182211, 'time_iter': 0.01572, 'subgraph_hits@1': 0.17461197}
2026-04-10 14:01:21,143 INFO eval_epoch_kgc [val]: 1260 queries on full graph (2746 nodes, eval_batch_size=32)
2026-04-10 14:01:21,341 INFO   eval_kgc [val]: 512/1260
2026-04-10 14:01:21,542 INFO   eval_kgc [val]: 1024/1260
2026-04-10 14:01:21,635 INFO   eval_kgc [val]: 1260/1260
2026-04-10 14:01:21,636 INFO val: {'epoch': 25, 'time_epoch': 0.4908, 'loss': 0.0, 'lr': 0.0, 'params': 182211, 'time_iter': 0.01227, 'mrr': 0.34091967, 'hits@1': 0.21190476, 'hits@3': 0.43015873, 'hits@10': 0.56904763}
2026-04-10 14:01:21,639 INFO eval_epoch_kgc [test]: 376 queries on full graph (922 nodes, eval_batch_size=32)
2026-04-10 14:01:21,714 INFO   eval_kgc [test]: 376/376
2026-04-10 14:01:21,714 INFO test: {'epoch': 25, 'time_epoch': 0.07445, 'loss': 0.0, 'lr': 0.0, 'params': 182211, 'time_iter': 0.0062, 'mrr': 0.41234821, 'hits@1': 0.25265959, 'hits@3': 0.50265956, 'hits@10': 0.75265956}
2026-04-10 14:01:21,714 INFO > Epoch 25: took 21.9s (avg 22.0s) | Best so far: epoch 11	train_loss: 5.7876 	val_loss: 0.0000 val_mrr: 0.3529	test_loss: 0.0000 test_mrr: 0.4673
2026-04-10 14:01:43,043 INFO train: {'epoch': 26, 'time_epoch': 21.27182, 'loss': 5.33854662, 'lr': 5.52e-06, 'params': 182211, 'time_iter': 0.01572, 'subgraph_hits@1': 0.17405765}
2026-04-10 14:01:43,053 INFO eval_epoch_kgc [val]: 1260 queries on full graph (2746 nodes, eval_batch_size=32)
2026-04-10 14:01:43,251 INFO   eval_kgc [val]: 512/1260
2026-04-10 14:01:43,452 INFO   eval_kgc [val]: 1024/1260
2026-04-10 14:01:43,545 INFO   eval_kgc [val]: 1260/1260
2026-04-10 14:01:43,545 INFO val: {'epoch': 26, 'time_epoch': 0.4904, 'loss': 0.0, 'lr': 0.0, 'params': 182211, 'time_iter': 0.01226, 'mrr': 0.34234548, 'hits@1': 0.21269841, 'hits@3': 0.43174604, 'hits@10': 0.56825399}
2026-04-10 14:01:43,549 INFO eval_epoch_kgc [test]: 376 queries on full graph (922 nodes, eval_batch_size=32)
2026-04-10 14:01:43,623 INFO   eval_kgc [test]: 376/376
2026-04-10 14:01:43,624 INFO test: {'epoch': 26, 'time_epoch': 0.07441, 'loss': 0.0, 'lr': 0.0, 'params': 182211, 'time_iter': 0.0062, 'mrr': 0.4022027, 'hits@1': 0.24734043, 'hits@3': 0.48404256, 'hits@10': 0.75265956}
2026-04-10 14:01:43,624 INFO > Epoch 26: took 21.9s (avg 21.9s) | Best so far: epoch 11	train_loss: 5.7876 	val_loss: 0.0000 val_mrr: 0.3529	test_loss: 0.0000 test_mrr: 0.4673
2026-04-10 14:02:04,949 INFO train: {'epoch': 27, 'time_epoch': 21.26844, 'loss': 5.32683924, 'lr': 5.17e-06, 'params': 182211, 'time_iter': 0.01572, 'subgraph_hits@1': 0.17673688}
2026-04-10 14:02:04,959 INFO eval_epoch_kgc [val]: 1260 queries on full graph (2746 nodes, eval_batch_size=32)
2026-04-10 14:02:05,157 INFO   eval_kgc [val]: 512/1260
2026-04-10 14:02:05,358 INFO   eval_kgc [val]: 1024/1260
2026-04-10 14:02:05,451 INFO   eval_kgc [val]: 1260/1260
2026-04-10 14:02:05,451 INFO val: {'epoch': 27, 'time_epoch': 0.49048, 'loss': 0.0, 'lr': 0.0, 'params': 182211, 'time_iter': 0.01226, 'mrr': 0.3410368, 'hits@1': 0.21031746, 'hits@3': 0.43095237, 'hits@10': 0.56904763}
2026-04-10 14:02:05,455 INFO eval_epoch_kgc [test]: 376 queries on full graph (922 nodes, eval_batch_size=32)
2026-04-10 14:02:05,529 INFO   eval_kgc [test]: 376/376
2026-04-10 14:02:05,530 INFO test: {'epoch': 27, 'time_epoch': 0.07452, 'loss': 0.0, 'lr': 0.0, 'params': 182211, 'time_iter': 0.00621, 'mrr': 0.39332938, 'hits@1': 0.23670213, 'hits@3': 0.47872341, 'hits@10': 0.75265956}
2026-04-10 14:02:05,530 INFO > Epoch 27: took 21.9s (avg 21.9s) | Best so far: epoch 11	train_loss: 5.7876 	val_loss: 0.0000 val_mrr: 0.3529	test_loss: 0.0000 test_mrr: 0.4673
2026-04-10 14:02:26,849 INFO train: {'epoch': 28, 'time_epoch': 21.26197, 'loss': 5.31264933, 'lr': 4.83e-06, 'params': 182211, 'time_iter': 0.01571, 'subgraph_hits@1': 0.17387287}
2026-04-10 14:02:26,859 INFO eval_epoch_kgc [val]: 1260 queries on full graph (2746 nodes, eval_batch_size=32)
2026-04-10 14:02:27,057 INFO   eval_kgc [val]: 512/1260
2026-04-10 14:02:27,258 INFO   eval_kgc [val]: 1024/1260
2026-04-10 14:02:27,350 INFO   eval_kgc [val]: 1260/1260
2026-04-10 14:02:27,351 INFO val: {'epoch': 28, 'time_epoch': 0.49065, 'loss': 0.0, 'lr': 0.0, 'params': 182211, 'time_iter': 0.01227, 'mrr': 0.33914417, 'hits@1': 0.20952381, 'hits@3': 0.42857143, 'hits@10': 0.5714286}
2026-04-10 14:02:27,354 INFO eval_epoch_kgc [test]: 376 queries on full graph (922 nodes, eval_batch_size=32)
2026-04-10 14:02:27,429 INFO   eval_kgc [test]: 376/376
2026-04-10 14:02:27,430 INFO test: {'epoch': 28, 'time_epoch': 0.07467, 'loss': 0.0, 'lr': 0.0, 'params': 182211, 'time_iter': 0.00622, 'mrr': 0.38958547, 'hits@1': 0.23404256, 'hits@3': 0.47340426, 'hits@10': 0.75531918}
2026-04-10 14:02:27,430 INFO > Epoch 28: took 21.9s (avg 21.9s) | Best so far: epoch 11	train_loss: 5.7876 	val_loss: 0.0000 val_mrr: 0.3529	test_loss: 0.0000 test_mrr: 0.4673
2026-04-10 14:02:48,752 INFO train: {'epoch': 29, 'time_epoch': 21.2657, 'loss': 5.30909159, 'lr': 4.48e-06, 'params': 182211, 'time_iter': 0.01572, 'subgraph_hits@1': 0.17488913}
2026-04-10 14:02:48,762 INFO eval_epoch_kgc [val]: 1260 queries on full graph (2746 nodes, eval_batch_size=32)
2026-04-10 14:02:48,960 INFO   eval_kgc [val]: 512/1260
2026-04-10 14:02:49,161 INFO   eval_kgc [val]: 1024/1260
2026-04-10 14:02:49,254 INFO   eval_kgc [val]: 1260/1260
2026-04-10 14:02:49,254 INFO val: {'epoch': 29, 'time_epoch': 0.49054, 'loss': 0.0, 'lr': 0.0, 'params': 182211, 'time_iter': 0.01226, 'mrr': 0.33771789, 'hits@1': 0.20634921, 'hits@3': 0.42936507, 'hits@10': 0.5706349}
2026-04-10 14:02:49,258 INFO eval_epoch_kgc [test]: 376 queries on full graph (922 nodes, eval_batch_size=32)
2026-04-10 14:02:49,333 INFO   eval_kgc [test]: 376/376
2026-04-10 14:02:49,333 INFO test: {'epoch': 29, 'time_epoch': 0.07458, 'loss': 0.0, 'lr': 0.0, 'params': 182211, 'time_iter': 0.00621, 'mrr': 0.38728794, 'hits@1': 0.2393617, 'hits@3': 0.45212767, 'hits@10': 0.75}
2026-04-10 14:02:49,333 INFO > Epoch 29: took 21.9s (avg 21.9s) | Best so far: epoch 11	train_loss: 5.7876 	val_loss: 0.0000 val_mrr: 0.3529	test_loss: 0.0000 test_mrr: 0.4673
2026-04-10 14:03:10,657 INFO train: {'epoch': 30, 'time_epoch': 21.26629, 'loss': 5.29018252, 'lr': 4.13e-06, 'params': 182211, 'time_iter': 0.01572, 'subgraph_hits@1': 0.17987806}
2026-04-10 14:03:10,667 INFO eval_epoch_kgc [val]: 1260 queries on full graph (2746 nodes, eval_batch_size=32)
2026-04-10 14:03:10,864 INFO   eval_kgc [val]: 512/1260
2026-04-10 14:03:11,065 INFO   eval_kgc [val]: 1024/1260
2026-04-10 14:03:11,158 INFO   eval_kgc [val]: 1260/1260
2026-04-10 14:03:11,158 INFO val: {'epoch': 30, 'time_epoch': 0.49051, 'loss': 0.0, 'lr': 0.0, 'params': 182211, 'time_iter': 0.01226, 'mrr': 0.33710843, 'hits@1': 0.20555556, 'hits@3': 0.42857143, 'hits@10': 0.56984127}
2026-04-10 14:03:11,162 INFO eval_epoch_kgc [test]: 376 queries on full graph (922 nodes, eval_batch_size=32)
2026-04-10 14:03:11,236 INFO   eval_kgc [test]: 376/376
2026-04-10 14:03:11,237 INFO test: {'epoch': 30, 'time_epoch': 0.07442, 'loss': 0.0, 'lr': 0.0, 'params': 182211, 'time_iter': 0.0062, 'mrr': 0.37993678, 'hits@1': 0.23138298, 'hits@3': 0.44414893, 'hits@10': 0.75}
2026-04-10 14:03:11,237 INFO > Epoch 30: took 21.9s (avg 21.9s) | Best so far: epoch 11	train_loss: 5.7876 	val_loss: 0.0000 val_mrr: 0.3529	test_loss: 0.0000 test_mrr: 0.4673
2026-04-10 14:03:32,567 INFO train: {'epoch': 31, 'time_epoch': 21.27326, 'loss': 5.28813096, 'lr': 3.79e-06, 'params': 182211, 'time_iter': 0.01572, 'subgraph_hits@1': 0.18089432}
2026-04-10 14:03:32,578 INFO eval_epoch_kgc [val]: 1260 queries on full graph (2746 nodes, eval_batch_size=32)
2026-04-10 14:03:32,776 INFO   eval_kgc [val]: 512/1260
2026-04-10 14:03:32,977 INFO   eval_kgc [val]: 1024/1260
2026-04-10 14:03:33,070 INFO   eval_kgc [val]: 1260/1260
2026-04-10 14:03:33,070 INFO val: {'epoch': 31, 'time_epoch': 0.49133, 'loss': 0.0, 'lr': 0.0, 'params': 182211, 'time_iter': 0.01228, 'mrr': 0.3360216, 'hits@1': 0.20476191, 'hits@3': 0.42380953, 'hits@10': 0.5738095}
2026-04-10 14:03:33,074 INFO eval_epoch_kgc [test]: 376 queries on full graph (922 nodes, eval_batch_size=32)
2026-04-10 14:03:33,149 INFO   eval_kgc [test]: 376/376
2026-04-10 14:03:33,149 INFO test: {'epoch': 31, 'time_epoch': 0.07528, 'loss': 0.0, 'lr': 0.0, 'params': 182211, 'time_iter': 0.00627, 'mrr': 0.37967885, 'hits@1': 0.23138298, 'hits@3': 0.44414893, 'hits@10': 0.75}
2026-04-10 14:03:33,150 INFO > Epoch 31: took 21.9s (avg 21.9s) | Best so far: epoch 11	train_loss: 5.7876 	val_loss: 0.0000 val_mrr: 0.3529	test_loss: 0.0000 test_mrr: 0.4673
2026-04-10 14:03:54,505 INFO train: {'epoch': 32, 'time_epoch': 21.29705, 'loss': 5.28112488, 'lr': 3.45e-06, 'params': 182211, 'time_iter': 0.01574, 'subgraph_hits@1': 0.17950849}
2026-04-10 14:03:54,515 INFO eval_epoch_kgc [val]: 1260 queries on full graph (2746 nodes, eval_batch_size=32)
2026-04-10 14:03:54,713 INFO   eval_kgc [val]: 512/1260
2026-04-10 14:03:54,914 INFO   eval_kgc [val]: 1024/1260
2026-04-10 14:03:55,007 INFO   eval_kgc [val]: 1260/1260
2026-04-10 14:03:55,007 INFO val: {'epoch': 32, 'time_epoch': 0.49091, 'loss': 0.0, 'lr': 0.0, 'params': 182211, 'time_iter': 0.01227, 'mrr': 0.33738744, 'hits@1': 0.20714286, 'hits@3': 0.42698413, 'hits@10': 0.57301587}
2026-04-10 14:03:55,010 INFO eval_epoch_kgc [test]: 376 queries on full graph (922 nodes, eval_batch_size=32)
2026-04-10 14:03:55,085 INFO   eval_kgc [test]: 376/376
2026-04-10 14:03:55,086 INFO test: {'epoch': 32, 'time_epoch': 0.07458, 'loss': 0.0, 'lr': 0.0, 'params': 182211, 'time_iter': 0.00621, 'mrr': 0.35959846, 'hits@1': 0.21010639, 'hits@3': 0.40957448, 'hits@10': 0.75}
2026-04-10 14:03:55,086 INFO > Epoch 32: took 21.9s (avg 21.9s) | Best so far: epoch 11	train_loss: 5.7876 	val_loss: 0.0000 val_mrr: 0.3529	test_loss: 0.0000 test_mrr: 0.4673
2026-04-10 14:04:16,496 INFO train: {'epoch': 33, 'time_epoch': 21.35207, 'loss': 5.26998079, 'lr': 3.13e-06, 'params': 182211, 'time_iter': 0.01578, 'subgraph_hits@1': 0.17950849}
2026-04-10 14:04:16,506 INFO eval_epoch_kgc [val]: 1260 queries on full graph (2746 nodes, eval_batch_size=32)
2026-04-10 14:04:16,704 INFO   eval_kgc [val]: 512/1260
2026-04-10 14:04:16,906 INFO   eval_kgc [val]: 1024/1260
2026-04-10 14:04:16,999 INFO   eval_kgc [val]: 1260/1260
2026-04-10 14:04:16,999 INFO val: {'epoch': 33, 'time_epoch': 0.49174, 'loss': 0.0, 'lr': 0.0, 'params': 182211, 'time_iter': 0.01229, 'mrr': 0.33717275, 'hits@1': 0.20555556, 'hits@3': 0.42857143, 'hits@10': 0.5746032}
2026-04-10 14:04:17,003 INFO eval_epoch_kgc [test]: 376 queries on full graph (922 nodes, eval_batch_size=32)
2026-04-10 14:04:17,078 INFO   eval_kgc [test]: 376/376
2026-04-10 14:04:17,078 INFO test: {'epoch': 33, 'time_epoch': 0.07488, 'loss': 0.0, 'lr': 0.0, 'params': 182211, 'time_iter': 0.00624, 'mrr': 0.34738722, 'hits@1': 0.20478724, 'hits@3': 0.3856383, 'hits@10': 0.74734044}
2026-04-10 14:04:17,079 INFO > Epoch 33: took 22.0s (avg 21.9s) | Best so far: epoch 11	train_loss: 5.7876 	val_loss: 0.0000 val_mrr: 0.3529	test_loss: 0.0000 test_mrr: 0.4673
2026-04-10 14:04:38,527 INFO train: {'epoch': 34, 'time_epoch': 21.38834, 'loss': 5.2678637, 'lr': 2.81e-06, 'params': 182211, 'time_iter': 0.01581, 'subgraph_hits@1': 0.18264967}
2026-04-10 14:04:38,537 INFO eval_epoch_kgc [val]: 1260 queries on full graph (2746 nodes, eval_batch_size=32)
2026-04-10 14:04:38,735 INFO   eval_kgc [val]: 512/1260
2026-04-10 14:04:38,936 INFO   eval_kgc [val]: 1024/1260
2026-04-10 14:04:39,029 INFO   eval_kgc [val]: 1260/1260
2026-04-10 14:04:39,030 INFO val: {'epoch': 34, 'time_epoch': 0.49096, 'loss': 0.0, 'lr': 0.0, 'params': 182211, 'time_iter': 0.01227, 'mrr': 0.33628419, 'hits@1': 0.20396826, 'hits@3': 0.43015873, 'hits@10': 0.57539684}
2026-04-10 14:04:39,033 INFO eval_epoch_kgc [test]: 376 queries on full graph (922 nodes, eval_batch_size=32)
2026-04-10 14:04:39,108 INFO   eval_kgc [test]: 376/376
2026-04-10 14:04:39,109 INFO test: {'epoch': 34, 'time_epoch': 0.0751, 'loss': 0.0, 'lr': 0.0, 'params': 182211, 'time_iter': 0.00626, 'mrr': 0.34459797, 'hits@1': 0.19946809, 'hits@3': 0.3856383, 'hits@10': 0.74734044}
2026-04-10 14:04:39,109 INFO > Epoch 34: took 22.0s (avg 21.9s) | Best so far: epoch 11	train_loss: 5.7876 	val_loss: 0.0000 val_mrr: 0.3529	test_loss: 0.0000 test_mrr: 0.4673
2026-04-10 14:05:00,532 INFO train: {'epoch': 35, 'time_epoch': 21.35325, 'loss': 5.26237663, 'lr': 2.5e-06, 'params': 182211, 'time_iter': 0.01578, 'subgraph_hits@1': 0.18292683}
2026-04-10 14:05:00,543 INFO eval_epoch_kgc [val]: 1260 queries on full graph (2746 nodes, eval_batch_size=32)
2026-04-10 14:05:00,743 INFO   eval_kgc [val]: 512/1260
2026-04-10 14:05:00,945 INFO   eval_kgc [val]: 1024/1260
2026-04-10 14:05:01,038 INFO   eval_kgc [val]: 1260/1260
2026-04-10 14:05:01,038 INFO val: {'epoch': 35, 'time_epoch': 0.49404, 'loss': 0.0, 'lr': 0.0, 'params': 182211, 'time_iter': 0.01235, 'mrr': 0.33545476, 'hits@1': 0.20317461, 'hits@3': 0.42777777, 'hits@10': 0.57539684}
2026-04-10 14:05:01,042 INFO eval_epoch_kgc [test]: 376 queries on full graph (922 nodes, eval_batch_size=32)
2026-04-10 14:05:01,118 INFO   eval_kgc [test]: 376/376
2026-04-10 14:05:01,118 INFO test: {'epoch': 35, 'time_epoch': 0.07605, 'loss': 0.0, 'lr': 0.0, 'params': 182211, 'time_iter': 0.00634, 'mrr': 0.33095756, 'hits@1': 0.18617021, 'hits@3': 0.36170211, 'hits@10': 0.74734044}
2026-04-10 14:05:01,119 INFO > Epoch 35: took 22.0s (avg 21.9s) | Best so far: epoch 11	train_loss: 5.7876 	val_loss: 0.0000 val_mrr: 0.3529	test_loss: 0.0000 test_mrr: 0.4673
2026-04-10 14:05:22,522 INFO train: {'epoch': 36, 'time_epoch': 21.3463, 'loss': 5.24748, 'lr': 2.2e-06, 'params': 182211, 'time_iter': 0.01578, 'subgraph_hits@1': 0.18523651}
2026-04-10 14:05:22,532 INFO eval_epoch_kgc [val]: 1260 queries on full graph (2746 nodes, eval_batch_size=32)
2026-04-10 14:05:22,731 INFO   eval_kgc [val]: 512/1260
2026-04-10 14:05:22,932 INFO   eval_kgc [val]: 1024/1260
2026-04-10 14:05:23,025 INFO   eval_kgc [val]: 1260/1260
2026-04-10 14:05:23,026 INFO val: {'epoch': 36, 'time_epoch': 0.4919, 'loss': 0.0, 'lr': 0.0, 'params': 182211, 'time_iter': 0.0123, 'mrr': 0.33484936, 'hits@1': 0.20317461, 'hits@3': 0.42539683, 'hits@10': 0.5777778}
2026-04-10 14:05:23,029 INFO eval_epoch_kgc [test]: 376 queries on full graph (922 nodes, eval_batch_size=32)
2026-04-10 14:05:23,104 INFO   eval_kgc [test]: 376/376
2026-04-10 14:05:23,104 INFO test: {'epoch': 36, 'time_epoch': 0.07469, 'loss': 0.0, 'lr': 0.0, 'params': 182211, 'time_iter': 0.00622, 'mrr': 0.32202968, 'hits@1': 0.17553191, 'hits@3': 0.35372341, 'hits@10': 0.74468082}
2026-04-10 14:05:23,105 INFO > Epoch 36: took 22.0s (avg 21.9s) | Best so far: epoch 11	train_loss: 5.7876 	val_loss: 0.0000 val_mrr: 0.3529	test_loss: 0.0000 test_mrr: 0.4673
2026-04-10 14:05:44,526 INFO train: {'epoch': 37, 'time_epoch': 21.36344, 'loss': 5.24462608, 'lr': 1.92e-06, 'params': 182211, 'time_iter': 0.01579, 'subgraph_hits@1': 0.18264967}
2026-04-10 14:05:44,537 INFO eval_epoch_kgc [val]: 1260 queries on full graph (2746 nodes, eval_batch_size=32)
2026-04-10 14:05:44,735 INFO   eval_kgc [val]: 512/1260
2026-04-10 14:05:44,937 INFO   eval_kgc [val]: 1024/1260
2026-04-10 14:05:45,030 INFO   eval_kgc [val]: 1260/1260
2026-04-10 14:05:45,031 INFO val: {'epoch': 37, 'time_epoch': 0.49259, 'loss': 0.0, 'lr': 0.0, 'params': 182211, 'time_iter': 0.01231, 'mrr': 0.33376145, 'hits@1': 0.20079365, 'hits@3': 0.42619047, 'hits@10': 0.5777778}
2026-04-10 14:05:45,035 INFO eval_epoch_kgc [test]: 376 queries on full graph (922 nodes, eval_batch_size=32)
2026-04-10 14:05:45,111 INFO   eval_kgc [test]: 376/376
2026-04-10 14:05:45,111 INFO test: {'epoch': 37, 'time_epoch': 0.07566, 'loss': 0.0, 'lr': 0.0, 'params': 182211, 'time_iter': 0.00631, 'mrr': 0.31135648, 'hits@1': 0.16489361, 'hits@3': 0.33776596, 'hits@10': 0.74468082}
2026-04-10 14:05:45,112 INFO > Epoch 37: took 22.0s (avg 22.0s) | Best so far: epoch 11	train_loss: 5.7876 	val_loss: 0.0000 val_mrr: 0.3529	test_loss: 0.0000 test_mrr: 0.4673
2026-04-10 14:06:06,559 INFO train: {'epoch': 38, 'time_epoch': 21.36883, 'loss': 5.24644876, 'lr': 1.65e-06, 'params': 182211, 'time_iter': 0.01579, 'subgraph_hits@1': 0.1817258}
2026-04-10 14:06:06,570 INFO eval_epoch_kgc [val]: 1260 queries on full graph (2746 nodes, eval_batch_size=32)
2026-04-10 14:06:06,769 INFO   eval_kgc [val]: 512/1260
2026-04-10 14:06:06,970 INFO   eval_kgc [val]: 1024/1260
2026-04-10 14:06:07,063 INFO   eval_kgc [val]: 1260/1260
2026-04-10 14:06:07,064 INFO val: {'epoch': 38, 'time_epoch': 0.49234, 'loss': 0.0, 'lr': 0.0, 'params': 182211, 'time_iter': 0.01231, 'mrr': 0.3339749, 'hits@1': 0.2015873, 'hits@3': 0.42539683, 'hits@10': 0.5777778}
2026-04-10 14:06:07,067 INFO eval_epoch_kgc [test]: 376 queries on full graph (922 nodes, eval_batch_size=32)
2026-04-10 14:06:07,143 INFO   eval_kgc [test]: 376/376
2026-04-10 14:06:07,143 INFO test: {'epoch': 38, 'time_epoch': 0.07517, 'loss': 0.0, 'lr': 0.0, 'params': 182211, 'time_iter': 0.00626, 'mrr': 0.29505402, 'hits@1': 0.14361702, 'hits@3': 0.32978722, 'hits@10': 0.74468082}
2026-04-10 14:06:07,143 INFO > Epoch 38: took 22.0s (avg 22.0s) | Best so far: epoch 11	train_loss: 5.7876 	val_loss: 0.0000 val_mrr: 0.3529	test_loss: 0.0000 test_mrr: 0.4673
2026-04-10 14:06:28,534 INFO train: {'epoch': 39, 'time_epoch': 21.33393, 'loss': 5.24427056, 'lr': 1.4e-06, 'params': 182211, 'time_iter': 0.01577, 'subgraph_hits@1': 0.17969328}
2026-04-10 14:06:28,545 INFO eval_epoch_kgc [val]: 1260 queries on full graph (2746 nodes, eval_batch_size=32)
2026-04-10 14:06:28,742 INFO   eval_kgc [val]: 512/1260
2026-04-10 14:06:28,943 INFO   eval_kgc [val]: 1024/1260
2026-04-10 14:06:29,036 INFO   eval_kgc [val]: 1260/1260
2026-04-10 14:06:29,037 INFO val: {'epoch': 39, 'time_epoch': 0.49084, 'loss': 0.0, 'lr': 0.0, 'params': 182211, 'time_iter': 0.01227, 'mrr': 0.33482921, 'hits@1': 0.20317461, 'hits@3': 0.42539683, 'hits@10': 0.57698411}
2026-04-10 14:06:29,040 INFO eval_epoch_kgc [test]: 376 queries on full graph (922 nodes, eval_batch_size=32)
2026-04-10 14:06:29,115 INFO   eval_kgc [test]: 376/376
2026-04-10 14:06:29,115 INFO test: {'epoch': 39, 'time_epoch': 0.07452, 'loss': 0.0, 'lr': 0.0, 'params': 182211, 'time_iter': 0.00621, 'mrr': 0.28646675, 'hits@1': 0.13297872, 'hits@3': 0.31914893, 'hits@10': 0.74734044}
2026-04-10 14:06:29,115 INFO > Epoch 39: took 22.0s (avg 22.0s) | Best so far: epoch 11	train_loss: 5.7876 	val_loss: 0.0000 val_mrr: 0.3529	test_loss: 0.0000 test_mrr: 0.4673
2026-04-10 14:06:50,504 INFO train: {'epoch': 40, 'time_epoch': 21.33131, 'loss': 5.23728316, 'lr': 1.17e-06, 'params': 182211, 'time_iter': 0.01577, 'subgraph_hits@1': 0.18699187}
2026-04-10 14:06:50,514 INFO eval_epoch_kgc [val]: 1260 queries on full graph (2746 nodes, eval_batch_size=32)
2026-04-10 14:06:50,712 INFO   eval_kgc [val]: 512/1260
2026-04-10 14:06:50,914 INFO   eval_kgc [val]: 1024/1260
2026-04-10 14:06:51,007 INFO   eval_kgc [val]: 1260/1260
2026-04-10 14:06:51,007 INFO val: {'epoch': 40, 'time_epoch': 0.4917, 'loss': 0.0, 'lr': 0.0, 'params': 182211, 'time_iter': 0.01229, 'mrr': 0.33484915, 'hits@1': 0.20317461, 'hits@3': 0.42619047, 'hits@10': 0.57857144}
2026-04-10 14:06:51,010 INFO eval_epoch_kgc [test]: 376 queries on full graph (922 nodes, eval_batch_size=32)
2026-04-10 14:06:51,085 INFO   eval_kgc [test]: 376/376
2026-04-10 14:06:51,086 INFO test: {'epoch': 40, 'time_epoch': 0.07472, 'loss': 0.0, 'lr': 0.0, 'params': 182211, 'time_iter': 0.00623, 'mrr': 0.2813473, 'hits@1': 0.125, 'hits@3': 0.31648937, 'hits@10': 0.74468082}
2026-04-10 14:06:51,086 INFO > Epoch 40: took 22.0s (avg 22.0s) | Best so far: epoch 11	train_loss: 5.7876 	val_loss: 0.0000 val_mrr: 0.3529	test_loss: 0.0000 test_mrr: 0.4673
2026-04-10 14:07:12,473 INFO train: {'epoch': 41, 'time_epoch': 21.33023, 'loss': 5.23929855, 'lr': 9.5e-07, 'params': 182211, 'time_iter': 0.01577, 'subgraph_hits@1': 0.18348116}
2026-04-10 14:07:12,484 INFO eval_epoch_kgc [val]: 1260 queries on full graph (2746 nodes, eval_batch_size=32)
2026-04-10 14:07:12,682 INFO   eval_kgc [val]: 512/1260
2026-04-10 14:07:12,883 INFO   eval_kgc [val]: 1024/1260
2026-04-10 14:07:12,976 INFO   eval_kgc [val]: 1260/1260
2026-04-10 14:07:12,977 INFO val: {'epoch': 41, 'time_epoch': 0.49141, 'loss': 0.0, 'lr': 0.0, 'params': 182211, 'time_iter': 0.01229, 'mrr': 0.33462682, 'hits@1': 0.20317461, 'hits@3': 0.42460316, 'hits@10': 0.57857144}
2026-04-10 14:07:12,980 INFO eval_epoch_kgc [test]: 376 queries on full graph (922 nodes, eval_batch_size=32)
2026-04-10 14:07:13,055 INFO   eval_kgc [test]: 376/376
2026-04-10 14:07:13,055 INFO test: {'epoch': 41, 'time_epoch': 0.07455, 'loss': 0.0, 'lr': 0.0, 'params': 182211, 'time_iter': 0.00621, 'mrr': 0.28110099, 'hits@1': 0.125, 'hits@3': 0.31648937, 'hits@10': 0.74468082}
2026-04-10 14:07:13,055 INFO > Epoch 41: took 22.0s (avg 22.0s) | Best so far: epoch 11	train_loss: 5.7876 	val_loss: 0.0000 val_mrr: 0.3529	test_loss: 0.0000 test_mrr: 0.4673
2026-04-10 14:07:34,417 INFO train: {'epoch': 42, 'time_epoch': 21.30425, 'loss': 5.23943818, 'lr': 7.6e-07, 'params': 182211, 'time_iter': 0.01575, 'subgraph_hits@1': 0.18449742}
2026-04-10 14:07:34,427 INFO eval_epoch_kgc [val]: 1260 queries on full graph (2746 nodes, eval_batch_size=32)
2026-04-10 14:07:34,625 INFO   eval_kgc [val]: 512/1260
2026-04-10 14:07:34,827 INFO   eval_kgc [val]: 1024/1260
2026-04-10 14:07:34,920 INFO   eval_kgc [val]: 1260/1260
2026-04-10 14:07:34,920 INFO val: {'epoch': 42, 'time_epoch': 0.49194, 'loss': 0.0, 'lr': 0.0, 'params': 182211, 'time_iter': 0.0123, 'mrr': 0.33476523, 'hits@1': 0.20317461, 'hits@3': 0.42619047, 'hits@10': 0.57857144}
2026-04-10 14:07:34,924 INFO eval_epoch_kgc [test]: 376 queries on full graph (922 nodes, eval_batch_size=32)
2026-04-10 14:07:35,000 INFO   eval_kgc [test]: 376/376
2026-04-10 14:07:35,000 INFO test: {'epoch': 42, 'time_epoch': 0.07612, 'loss': 0.0, 'lr': 0.0, 'params': 182211, 'time_iter': 0.00634, 'mrr': 0.28113833, 'hits@1': 0.125, 'hits@3': 0.31648937, 'hits@10': 0.74468082}
2026-04-10 14:07:35,001 INFO > Epoch 42: took 21.9s (avg 22.0s) | Best so far: epoch 11	train_loss: 5.7876 	val_loss: 0.0000 val_mrr: 0.3529	test_loss: 0.0000 test_mrr: 0.4673
2026-04-10 14:07:56,392 INFO train: {'epoch': 43, 'time_epoch': 21.33424, 'loss': 5.23869258, 'lr': 5.9e-07, 'params': 182211, 'time_iter': 0.01577, 'subgraph_hits@1': 0.18163341}
2026-04-10 14:07:56,402 INFO eval_epoch_kgc [val]: 1260 queries on full graph (2746 nodes, eval_batch_size=32)
2026-04-10 14:07:56,600 INFO   eval_kgc [val]: 512/1260
2026-04-10 14:07:56,801 INFO   eval_kgc [val]: 1024/1260
2026-04-10 14:07:56,894 INFO   eval_kgc [val]: 1260/1260
2026-04-10 14:07:56,894 INFO val: {'epoch': 43, 'time_epoch': 0.49058, 'loss': 0.0, 'lr': 0.0, 'params': 182211, 'time_iter': 0.01226, 'mrr': 0.33529267, 'hits@1': 0.20396826, 'hits@3': 0.42619047, 'hits@10': 0.57857144}
2026-04-10 14:07:56,897 INFO eval_epoch_kgc [test]: 376 queries on full graph (922 nodes, eval_batch_size=32)
2026-04-10 14:07:56,973 INFO   eval_kgc [test]: 376/376
2026-04-10 14:07:56,973 INFO test: {'epoch': 43, 'time_epoch': 0.07516, 'loss': 0.0, 'lr': 0.0, 'params': 182211, 'time_iter': 0.00626, 'mrr': 0.27989969, 'hits@1': 0.12234043, 'hits@3': 0.31648937, 'hits@10': 0.74468082}
2026-04-10 14:07:56,973 INFO > Epoch 43: took 22.0s (avg 22.0s) | Best so far: epoch 11	train_loss: 5.7876 	val_loss: 0.0000 val_mrr: 0.3529	test_loss: 0.0000 test_mrr: 0.4673
2026-04-10 14:08:18,405 INFO train: {'epoch': 44, 'time_epoch': 21.37456, 'loss': 5.24093552, 'lr': 4.3e-07, 'params': 182211, 'time_iter': 0.0158, 'subgraph_hits@1': 0.18338877}
2026-04-10 14:08:18,415 INFO eval_epoch_kgc [val]: 1260 queries on full graph (2746 nodes, eval_batch_size=32)
2026-04-10 14:08:18,615 INFO   eval_kgc [val]: 512/1260
2026-04-10 14:08:18,817 INFO   eval_kgc [val]: 1024/1260
2026-04-10 14:08:18,910 INFO   eval_kgc [val]: 1260/1260
2026-04-10 14:08:18,911 INFO val: {'epoch': 44, 'time_epoch': 0.49383, 'loss': 0.0, 'lr': 0.0, 'params': 182211, 'time_iter': 0.01235, 'mrr': 0.3351883, 'hits@1': 0.20396826, 'hits@3': 0.42539683, 'hits@10': 0.57857144}
2026-04-10 14:08:18,914 INFO eval_epoch_kgc [test]: 376 queries on full graph (922 nodes, eval_batch_size=32)
2026-04-10 14:08:18,991 INFO   eval_kgc [test]: 376/376
2026-04-10 14:08:18,991 INFO test: {'epoch': 44, 'time_epoch': 0.07648, 'loss': 0.0, 'lr': 0.0, 'params': 182211, 'time_iter': 0.00637, 'mrr': 0.27991506, 'hits@1': 0.12234043, 'hits@3': 0.31648937, 'hits@10': 0.74468082}
2026-04-10 14:08:18,991 INFO > Epoch 44: took 22.0s (avg 22.0s) | Best so far: epoch 11	train_loss: 5.7876 	val_loss: 0.0000 val_mrr: 0.3529	test_loss: 0.0000 test_mrr: 0.4673
2026-04-10 14:08:43,628 INFO train: {'epoch': 45, 'time_epoch': 24.57894, 'loss': 5.24401551, 'lr': 3e-07, 'params': 182211, 'time_iter': 0.01817, 'subgraph_hits@1': 0.18357354}
2026-04-10 14:08:43,639 INFO eval_epoch_kgc [val]: 1260 queries on full graph (2746 nodes, eval_batch_size=32)
2026-04-10 14:08:43,837 INFO   eval_kgc [val]: 512/1260
2026-04-10 14:08:44,038 INFO   eval_kgc [val]: 1024/1260
2026-04-10 14:08:44,131 INFO   eval_kgc [val]: 1260/1260
2026-04-10 14:08:44,132 INFO val: {'epoch': 45, 'time_epoch': 0.49176, 'loss': 0.0, 'lr': 0.0, 'params': 182211, 'time_iter': 0.01229, 'mrr': 0.33520672, 'hits@1': 0.20396826, 'hits@3': 0.42539683, 'hits@10': 0.57857144}
2026-04-10 14:08:44,135 INFO eval_epoch_kgc [test]: 376 queries on full graph (922 nodes, eval_batch_size=32)
2026-04-10 14:08:44,210 INFO   eval_kgc [test]: 376/376
2026-04-10 14:08:44,210 INFO test: {'epoch': 45, 'time_epoch': 0.07471, 'loss': 0.0, 'lr': 0.0, 'params': 182211, 'time_iter': 0.00623, 'mrr': 0.27955502, 'hits@1': 0.12234043, 'hits@3': 0.31382978, 'hits@10': 0.74468082}
2026-04-10 14:08:44,211 INFO > Epoch 45: took 25.2s (avg 22.0s) | Best so far: epoch 11	train_loss: 5.7876 	val_loss: 0.0000 val_mrr: 0.3529	test_loss: 0.0000 test_mrr: 0.4673
2026-04-10 14:09:42,602 INFO train: {'epoch': 46, 'time_epoch': 58.33169, 'loss': 5.24056975, 'lr': 1.9e-07, 'params': 182211, 'time_iter': 0.04311, 'subgraph_hits@1': 0.18283445}
2026-04-10 14:09:42,612 INFO eval_epoch_kgc [val]: 1260 queries on full graph (2746 nodes, eval_batch_size=32)
2026-04-10 14:09:44,497 INFO   eval_kgc [val]: 512/1260
2026-04-10 14:09:46,777 INFO   eval_kgc [val]: 1024/1260
2026-04-10 14:09:47,778 INFO   eval_kgc [val]: 1260/1260
2026-04-10 14:09:47,779 INFO val: {'epoch': 46, 'time_epoch': 5.16458, 'loss': 0.0, 'lr': 0.0, 'params': 182211, 'time_iter': 0.12911, 'mrr': 0.33521542, 'hits@1': 0.20396826, 'hits@3': 0.42539683, 'hits@10': 0.57857144}
2026-04-10 14:09:47,786 INFO eval_epoch_kgc [test]: 376 queries on full graph (922 nodes, eval_batch_size=32)
2026-04-10 14:09:48,998 INFO   eval_kgc [test]: 376/376
2026-04-10 14:09:48,999 INFO test: {'epoch': 46, 'time_epoch': 1.21249, 'loss': 0.0, 'lr': 0.0, 'params': 182211, 'time_iter': 0.10104, 'mrr': 0.27889249, 'hits@1': 0.12234043, 'hits@3': 0.31117022, 'hits@10': 0.74468082}
2026-04-10 14:09:48,999 INFO > Epoch 46: took 64.8s (avg 22.9s) | Best so far: epoch 11	train_loss: 5.7876 	val_loss: 0.0000 val_mrr: 0.3529	test_loss: 0.0000 test_mrr: 0.4673
2026-04-10 14:11:07,996 INFO train: {'epoch': 47, 'time_epoch': 78.93718, 'loss': 5.23258207, 'lr': 1.1e-07, 'params': 182211, 'time_iter': 0.05834, 'subgraph_hits@1': 0.18588322}
2026-04-10 14:11:08,007 INFO eval_epoch_kgc [val]: 1260 queries on full graph (2746 nodes, eval_batch_size=32)
2026-04-10 14:11:09,811 INFO   eval_kgc [val]: 512/1260
2026-04-10 14:11:12,116 INFO   eval_kgc [val]: 1024/1260
2026-04-10 14:11:13,114 INFO   eval_kgc [val]: 1260/1260
2026-04-10 14:11:13,115 INFO val: {'epoch': 47, 'time_epoch': 5.10576, 'loss': 0.0, 'lr': 0.0, 'params': 182211, 'time_iter': 0.12764, 'mrr': 0.33521402, 'hits@1': 0.20396826, 'hits@3': 0.42539683, 'hits@10': 0.57857144}
2026-04-10 14:11:13,123 INFO eval_epoch_kgc [test]: 376 queries on full graph (922 nodes, eval_batch_size=32)
2026-04-10 14:11:14,386 INFO   eval_kgc [test]: 376/376
2026-04-10 14:11:14,387 INFO test: {'epoch': 47, 'time_epoch': 1.26279, 'loss': 0.0, 'lr': 0.0, 'params': 182211, 'time_iter': 0.10523, 'mrr': 0.27875742, 'hits@1': 0.12234043, 'hits@3': 0.31117022, 'hits@10': 0.74468082}
2026-04-10 14:11:14,387 INFO > Epoch 47: took 85.4s (avg 24.2s) | Best so far: epoch 11	train_loss: 5.7876 	val_loss: 0.0000 val_mrr: 0.3529	test_loss: 0.0000 test_mrr: 0.4673
2026-04-10 14:12:33,019 INFO train: {'epoch': 48, 'time_epoch': 78.55241, 'loss': 5.23120207, 'lr': 5e-08, 'params': 182211, 'time_iter': 0.05806, 'subgraph_hits@1': 0.18542129}
2026-04-10 14:12:33,029 INFO eval_epoch_kgc [val]: 1260 queries on full graph (2746 nodes, eval_batch_size=32)
2026-04-10 14:12:34,893 INFO   eval_kgc [val]: 512/1260
2026-04-10 14:12:37,190 INFO   eval_kgc [val]: 1024/1260
2026-04-10 14:12:38,174 INFO   eval_kgc [val]: 1260/1260
2026-04-10 14:12:38,174 INFO val: {'epoch': 48, 'time_epoch': 5.14266, 'loss': 0.0, 'lr': 0.0, 'params': 182211, 'time_iter': 0.12857, 'mrr': 0.33521447, 'hits@1': 0.20396826, 'hits@3': 0.42539683, 'hits@10': 0.57857144}
2026-04-10 14:12:38,184 INFO eval_epoch_kgc [test]: 376 queries on full graph (922 nodes, eval_batch_size=32)
2026-04-10 14:12:39,449 INFO   eval_kgc [test]: 376/376
2026-04-10 14:12:39,450 INFO test: {'epoch': 48, 'time_epoch': 1.26546, 'loss': 0.0, 'lr': 0.0, 'params': 182211, 'time_iter': 0.10545, 'mrr': 0.27840313, 'hits@1': 0.12234043, 'hits@3': 0.30851063, 'hits@10': 0.74468082}
2026-04-10 14:12:39,450 INFO > Epoch 48: took 85.1s (avg 25.5s) | Best so far: epoch 11	train_loss: 5.7876 	val_loss: 0.0000 val_mrr: 0.3529	test_loss: 0.0000 test_mrr: 0.4673
2026-04-10 14:13:57,673 INFO train: {'epoch': 49, 'time_epoch': 78.16332, 'loss': 5.23582809, 'lr': 1e-08, 'params': 182211, 'time_iter': 0.05777, 'subgraph_hits@1': 0.18431264}
2026-04-10 14:13:57,684 INFO eval_epoch_kgc [val]: 1260 queries on full graph (2746 nodes, eval_batch_size=32)
2026-04-10 14:13:59,573 INFO   eval_kgc [val]: 512/1260
2026-04-10 14:14:01,830 INFO   eval_kgc [val]: 1024/1260
2026-04-10 14:14:02,805 INFO   eval_kgc [val]: 1260/1260
2026-04-10 14:14:02,805 INFO val: {'epoch': 49, 'time_epoch': 5.11999, 'loss': 0.0, 'lr': 0.0, 'params': 182211, 'time_iter': 0.128, 'mrr': 0.33521241, 'hits@1': 0.20396826, 'hits@3': 0.42539683, 'hits@10': 0.57857144}
2026-04-10 14:14:02,814 INFO eval_epoch_kgc [test]: 376 queries on full graph (922 nodes, eval_batch_size=32)
2026-04-10 14:14:04,077 INFO   eval_kgc [test]: 376/376
2026-04-10 14:14:04,077 INFO test: {'epoch': 49, 'time_epoch': 1.26206, 'loss': 0.0, 'lr': 0.0, 'params': 182211, 'time_iter': 0.10517, 'mrr': 0.27840349, 'hits@1': 0.12234043, 'hits@3': 0.30851063, 'hits@10': 0.74468082}
2026-04-10 14:14:04,078 INFO > Epoch 49: took 84.6s (avg 26.7s) | Best so far: epoch 11	train_loss: 5.7876 	val_loss: 0.0000 val_mrr: 0.3529	test_loss: 0.0000 test_mrr: 0.4673
2026-04-10 14:14:04,078 INFO Avg time per epoch: 26.66s
2026-04-10 14:14:04,078 INFO Total train loop time: 0.37h
2026-04-10 14:14:04,078 INFO Task done, results saved in results/wn18rr_ind_v1_vrmpnn/0
2026-04-10 14:14:04,080 INFO Aggregated results saved to results/wn18rr_ind_v1_vrmpnn/agg/best.json
2026-04-10 14:14:04,080 INFO   train: {'epoch': 46, 'time_epoch': 58.33169, 'time_epoch_std': 0.0, 'loss': 5.24057, 'loss_std': 0.0, 'lr': 0.0, 'lr_std': 0.0, 'params': 182211.0, 'params_std': 0.0, 'time_iter': 0.04311, 'time_iter_std': 0.0, 'subgraph_hits@1': 0.18283, 'subgraph_hits@1_std': 0.0}
2026-04-10 14:14:04,080 INFO   val: {'epoch': 46, 'time_epoch': 5.16458, 'time_epoch_std': 0.0, 'loss': 0.0, 'loss_std': 0.0, 'lr': 0.0, 'lr_std': 0.0, 'params': 182211.0, 'params_std': 0.0, 'time_iter': 0.12911, 'time_iter_std': 0.0, 'mrr': 0.33522, 'mrr_std': 0.0, 'hits@1': 0.20397, 'hits@1_std': 0.0, 'hits@3': 0.4254, 'hits@3_std': 0.0, 'hits@10': 0.57857, 'hits@10_std': 0.0}
2026-04-10 14:14:04,080 INFO   test: {'epoch': 46, 'time_epoch': 1.21249, 'time_epoch_std': 0.0, 'loss': 0.0, 'loss_std': 0.0, 'lr': 0.0, 'lr_std': 0.0, 'params': 182211.0, 'params_std': 0.0, 'time_iter': 0.10104, 'time_iter_std': 0.0, 'mrr': 0.27889, 'mrr_std': 0.0, 'hits@1': 0.12234, 'hits@1_std': 0.0, 'hits@3': 0.31117, 'hits@3_std': 0.0, 'hits@10': 0.74468, 'hits@10_std': 0.0}
2026-04-10 14:14:04,080 INFO [*] All done: 2026-04-10 14:14:04.080908
